18:57:45.158 [JavaFX Application Thread] DEBUG GameApplication      - Logger initialized
18:57:45.173 [JavaFX Application Thread] DEBUG MainWindow           - Creating a JavaFX scene
18:57:45.760 [JavaFX Application Thread] DEBUG MainWindow           - Target settings size: 800.0 x 600.0
18:57:45.761 [JavaFX Application Thread] DEBUG MainWindow           - Scaled scene size:    800.0 x 600.0
18:57:45.761 [JavaFX Application Thread] DEBUG MainWindow           - Scaled ratio: (1.0, 1.0)
18:57:46.894 [JavaFX Application Thread] DEBUG GameApplication      - Starting FXGL
18:57:46.964 [FXGL Launcher Thread     ] INFO  Version              - FXGL-0.4.2
18:57:46.968 [FXGL Launcher Thread     ] INFO  Version              - Source code and latest versions at: https://github.com/AlmasB/FXGL
18:57:46.978 [FXGL Launcher Thread     ] INFO  Version              -              Join the FXGL chat at: https://gitter.im/AlmasB/FXGL
18:57:46.983 [FXGL Launcher Thread     ] DEBUG FXGL                 - Loading FXGL system data
18:57:46.991 [FXGL Launcher Thread     ] DEBUG IOTask               - Executing task: readDataTask(system/fxgl.bundle)
18:57:47.015 [FXGL Launcher Thread     ] DEBUG FS                   - Reading from: system/fxgl.bundle
18:57:47.047 [FXGL Launcher Thread     ] DEBUG IOTask               - Task succeeded: readDataTask(system/fxgl.bundle)
18:57:47.047 [FXGL Launcher Thread     ] DEBUG Bundle               - Logging bundle: FXGL
18:57:47.049 [FXGL Launcher Thread     ] DEBUG Bundle               - FXGL.offline.timer.version.check=2018-03-18T02:01:36.418
18:57:47.425 [FXGL Launcher Thread     ] DEBUG GameApplication      - FXGL started
18:57:47.426 [FXGL Launcher Thread     ] DEBUG GameApplication      - Logging game settings
Title: Space Invaders
Version: 
Width: 800
Height: 600
Fullscreen: false
Intro: false
Menus: false
Profiling: false
Single step:false
App Mode: DEVELOPER
Menu Key: ESCAPE
Stage Style: DECORATED
Scene Factory: class com.almasb.fxgl.scene.SceneFactory
Dialog Factory: class com.almasb.fxgl.ui.FXGLDialogFactory
UI Factory: class com.almasb.fxgl.ui.FXGLUIFactory
Notification Service: class com.almasb.fxgl.gameplay.notification.XboxNotificationView
Exception Handler: class com.almasb.fxgl.app.FXGLExceptionHandler
18:57:47.436 [FXGL Launcher Thread     ] DEBUG GameApplication      - Configuring GameApplication
18:57:47.437 [FXGL Launcher Thread     ] DEBUG GameApplication      - Initializing state machine and application states
18:57:47.457 [FXGL Launcher Thread     ] DEBUG AssetLoader          - Loading from disk: /assets/ui/cursors/fxgl_default.png
18:57:47.495 [FXGL Launcher Thread     ] DEBUG AssetLoader          - Loading from disk: /assets/ui/cursors/fxgl_default.png
18:57:47.499 [FXGL Launcher Thread     ] DEBUG AssetLoader          - Loading from disk: /assets/ui/cursors/fxgl_default.png
18:57:47.531 [FXGL Launcher Thread     ] DEBUG AssetLoader          - Loading from disk: /assets/sounds/core/notification.wav
18:57:47.648 [FXGL Launcher Thread     ] DEBUG AssetLoader          - Loading from disk: /assets/sounds/menu/select.wav
18:57:47.650 [FXGL Launcher Thread     ] DEBUG AssetLoader          - Loading from disk: /assets/sounds/menu/back.wav
18:57:47.653 [FXGL Launcher Thread     ] DEBUG AssetLoader          - Loading from disk: /assets/sounds/menu/press.wav
18:57:47.657 [FXGL Launcher Thread     ] DEBUG AssetLoader          - Loading from disk: /assets/ui/fonts/VarelaRound-Regular.ttf
18:57:47.690 [FXGL Launcher Thread     ] DEBUG AssetLoader          - Loading from disk: /assets/ui/fonts/lucida_console.ttf
18:57:47.696 [FXGL Launcher Thread     ] DEBUG AssetLoader          - Loading from disk: /assets/ui/css/fxgl_dark.css
18:57:47.696 [FXGL Launcher Thread     ] DEBUG AssetLoader          - Loading from disk: /assets/ui/icons/fxgl_icon.png
18:57:47.848 [FXGL Launcher Thread     ] DEBUG AssetLoader          - Loading from disk: /assets/ui/cursors/fxgl_default.png
18:57:47.965 [FXGL Launcher Thread     ] DEBUG FXGL.GameScene       - Game scene initialized: 800x600
18:57:47.978 [FXGL Launcher Thread     ] DEBUG FXGL.GameWorld       - Game world initialized
18:57:48.149 [FXGL Launcher Thread     ] DEBUG FXGL.PhysicsWorld    - Physics world initialized: appHeight=600, physics.ppm=50.0
18:57:48.343 [FXGL Launcher Thread     ] DEBUG Input                - Registered new binding: Pause - Esc
18:57:48.423 [FXGL Launcher Thread     ] INFO  GameApplication      - Game configuration took:  0.986 sec
18:57:48.430 [JavaFX Application Thread] DEBUG MainWindow           - Opening main window
18:57:48.588 [JavaFX Application Thread] DEBUG MainWindow           - Window border size: (0.0, 22.0)
18:57:48.589 [JavaFX Application Thread] DEBUG MainWindow           - Scaled size: 800.0 x 600.0
18:57:48.590 [JavaFX Application Thread] DEBUG MainWindow           - Scaled ratio: (1.0, 1.0)
18:57:48.590 [JavaFX Application Thread] DEBUG MainWindow           - Scene size: 800.0 x 600.0
18:57:48.591 [JavaFX Application Thread] DEBUG MainWindow           - Stage size: 800.0 x 622.0
18:57:48.591 [JavaFX Application Thread] DEBUG GameApplication      - Running preInit()
18:57:48.594 [JavaFX Application Thread] DEBUG AnnotationParser     - Main app package name: SpaceInvaders
18:57:48.594 [JavaFX Application Thread] WARN  AnnotationParser     - SpaceInvaderMain has no package or contains uppercase letters. Disabling annotations processing
18:57:48.611 [JavaFX Application Thread] DEBUG Input                - Registered new binding: Screenshot - P
18:57:48.613 [JavaFX Application Thread] DEBUG Input                - Registered new binding: Dev Options - CTRL+0
18:57:48.615 [JavaFX Application Thread] DEBUG Input                - Registered new binding: Restart - CTRL+R
18:57:48.615 [JavaFX Application Thread] DEBUG Input                - Registered new binding: shoot - Space
18:57:48.616 [JavaFX Application Thread] DEBUG Input                - Registered new binding: move left - Left
18:57:48.616 [JavaFX Application Thread] DEBUG Input                - Registered new binding: move right - Right
18:57:48.616 [JavaFX Application Thread] DEBUG Input                - Registered new binding: move up - Up
18:57:48.617 [JavaFX Application Thread] DEBUG Input                - Registered new binding: move down - Down
18:57:48.617 [JavaFX Application Thread] DEBUG Input                - Registered new binding: speed up - V
18:57:48.734 [JavaFX Application Thread] DEBUG GameApplication      - Starting main loop
18:57:48.795 [JavaFX Application Thread] DEBUG StartupState         - STARTUP
18:57:48.795 [JavaFX Application Thread] DEBUG GameApplication      - Starting new game
18:57:48.795 [JavaFX Application Thread] DEBUG Input                - Clearing active input actions
18:57:48.867 [JavaFX Application Thread] DEBUG AppStateMachine      - StartupState -> LoadingState
18:57:48.870 [JavaFX Application Thread] DEBUG AnnotationParser     - Main app package name: SpaceInvaders
18:57:48.870 [JavaFX Application Thread] WARN  AnnotationParser     - SpaceInvaderMain has no package or contains uppercase letters. Disabling annotations processing
18:57:48.871 [JavaFX Application Thread] DEBUG InitAppTask          - Parsing annotations
18:57:48.884 [FXGL Background Thread 1 ] DEBUG InitAppTask          - Clearing previous game
18:57:48.884 [FXGL Background Thread 1 ] DEBUG FXGL.GameWorld       - Clearing game world
18:57:48.884 [FXGL Background Thread 1 ] DEBUG FXGL.PhysicsWorld    - Clearing physics world
18:57:48.884 [FXGL Background Thread 1 ] DEBUG FXGL.GameScene       - Clearing game scene
18:57:48.887 [FXGL Background Thread 1 ] DEBUG InitAppTask          - Initializing Assets
18:57:48.888 [FXGL Background Thread 1 ] DEBUG InitAppTask          - Initializing Game
18:57:49.099 [FXGL Background Thread 1 ] DEBUG AssetLoader          - Loading from disk: /assets/textures/SpaceInvaders/player.png
18:57:49.132 [FXGL Background Thread 1 ] DEBUG FXGL.GameScene       - Creating render group for layer: TOP(2147483647)
18:57:49.158 [FXGL Background Thread 1 ] DEBUG InitAppTask          - Initializing Physics
18:57:49.161 [FXGL Background Thread 1 ] DEBUG InitAppTask          - Initializing UI
18:57:49.162 [FXGL Background Thread 1 ] DEBUG FXGL.GameScene       - Creating render group for layer: BACKGROUND(1000)
18:57:49.163 [FXGL Background Thread 1 ] DEBUG AssetLoader          - Loading from disk: /assets/textures/SpaceInvaders/Background/starBig.png
18:57:49.166 [FXGL Background Thread 1 ] DEBUG AssetLoader          - Loading from disk: /assets/textures/SpaceInvaders/Background/starSmall.png
18:57:49.166 [FXGL Background Thread 1 ] DEBUG AssetLoader          - Loading from cache: /assets/textures/SpaceInvaders/Background/starBig.png
18:57:49.166 [FXGL Background Thread 1 ] DEBUG AssetLoader          - Loading from cache: /assets/textures/SpaceInvaders/Background/starSmall.png
18:57:49.167 [FXGL Background Thread 1 ] DEBUG AssetLoader          - Loading from cache: /assets/textures/SpaceInvaders/Background/starBig.png
18:57:49.167 [FXGL Background Thread 1 ] DEBUG AssetLoader          - Loading from cache: /assets/textures/SpaceInvaders/Background/starSmall.png
18:57:49.167 [FXGL Background Thread 1 ] DEBUG AssetLoader          - Loading from cache: /assets/textures/SpaceInvaders/Background/starBig.png
18:57:49.167 [FXGL Background Thread 1 ] DEBUG AssetLoader          - Loading from cache: /assets/textures/SpaceInvaders/Background/starSmall.png
18:57:49.167 [FXGL Background Thread 1 ] DEBUG AssetLoader          - Loading from cache: /assets/textures/SpaceInvaders/Background/starBig.png
18:57:49.168 [FXGL Background Thread 1 ] DEBUG AssetLoader          - Loading from cache: /assets/textures/SpaceInvaders/Background/starSmall.png
18:57:49.168 [FXGL Background Thread 1 ] DEBUG AssetLoader          - Loading from cache: /assets/textures/SpaceInvaders/Background/starSmall.png
18:57:49.168 [FXGL Background Thread 1 ] DEBUG AssetLoader          - Loading from cache: /assets/textures/SpaceInvaders/Background/starBig.png
18:57:49.168 [FXGL Background Thread 1 ] DEBUG AssetLoader          - Loading from cache: /assets/textures/SpaceInvaders/Background/starSmall.png
18:57:49.168 [FXGL Background Thread 1 ] DEBUG AssetLoader          - Loading from cache: /assets/textures/SpaceInvaders/Background/starBig.png
18:57:49.171 [FXGL Background Thread 1 ] DEBUG AssetLoader          - Loading from cache: /assets/textures/SpaceInvaders/Background/starSmall.png
18:57:49.171 [FXGL Background Thread 1 ] DEBUG AssetLoader          - Loading from cache: /assets/textures/SpaceInvaders/Background/starBig.png
18:57:49.171 [FXGL Background Thread 1 ] DEBUG AssetLoader          - Loading from cache: /assets/textures/SpaceInvaders/Background/starSmall.png
18:57:49.172 [FXGL Background Thread 1 ] DEBUG AssetLoader          - Loading from cache: /assets/textures/SpaceInvaders/Background/starBig.png
18:57:49.172 [FXGL Background Thread 1 ] DEBUG AssetLoader          - Loading from cache: /assets/textures/SpaceInvaders/Background/starSmall.png
18:57:49.223 [FXGL Background Thread 1 ] DEBUG InitAppTask          - Initialization Complete
18:57:49.224 [FXGL Background Thread 1 ] INFO  InitAppTask          - Game initialization took: 0.340 sec
18:57:49.235 [JavaFX Application Thread] DEBUG Input                - Clearing active input actions
18:57:49.263 [JavaFX Application Thread] DEBUG AppStateMachine      - LoadingState -> PlayState
18:57:49.906 [JavaFX Application Thread] DEBUG AssetLoader          - Loading from disk: /assets/textures/SpaceInvaders/enemyShip.png
18:57:50.421 [JavaFX Application Thread] DEBUG AssetLoader          - Loading from cache: /assets/textures/SpaceInvaders/enemyShip.png
18:57:50.922 [JavaFX Application Thread] DEBUG AssetLoader          - Loading from cache: /assets/textures/SpaceInvaders/enemyShip.png
18:57:51.404 [JavaFX Application Thread] DEBUG AssetLoader          - Loading from cache: /assets/textures/SpaceInvaders/enemyShip.png
18:57:51.855 [JavaFX Application Thread] DEBUG GameApplication      - Exiting game application
18:57:51.859 [JavaFX Application Thread] DEBUG GameApplication      - Shutting down background threads
18:57:51.861 [JavaFX Application Thread] DEBUG GameApplication      - Exiting FXGL
18:57:51.862 [JavaFX Application Thread] DEBUG FXGL                 - Saving FXGL system data
18:57:51.865 [JavaFX Application Thread] DEBUG IOTask               - Executing task: writeDataTask(system/fxgl.bundle)
18:57:51.868 [JavaFX Application Thread] DEBUG FS                   - Writing to: system/fxgl.bundle
18:57:51.878 [JavaFX Application Thread] DEBUG IOTask               - Task succeeded: writeDataTask(system/fxgl.bundle)
18:57:51.878 [JavaFX Application Thread] DEBUG GameApplication      - Closing logger and exiting JavaFX
