18:57:43.099 [JavaFX Application Thread] DEBUG GameApplication      - Logger initialized
18:57:43.117 [JavaFX Application Thread] DEBUG MainWindow           - Creating a JavaFX scene
18:57:43.429 [JavaFX Application Thread] DEBUG MainWindow           - Target settings size: 800.0 x 600.0
18:57:43.449 [JavaFX Application Thread] DEBUG MainWindow           - Scaled scene size:    800.0 x 600.0
18:57:43.451 [JavaFX Application Thread] DEBUG MainWindow           - Scaled ratio: (1.0, 1.0)
18:57:44.451 [JavaFX Application Thread] DEBUG GameApplication      - Starting FXGL
18:57:44.522 [FXGL Launcher Thread     ] INFO  Version              - FXGL-0.4.2
18:57:44.523 [FXGL Launcher Thread     ] INFO  Version              - Source code and latest versions at: https://github.com/AlmasB/FXGL
18:57:44.523 [FXGL Launcher Thread     ] INFO  Version              -              Join the FXGL chat at: https://gitter.im/AlmasB/FXGL
18:57:44.524 [FXGL Launcher Thread     ] DEBUG FXGL                 - Loading FXGL system data
18:57:44.533 [FXGL Launcher Thread     ] DEBUG IOTask               - Executing task: readDataTask(system/fxgl.bundle)
18:57:44.550 [FXGL Launcher Thread     ] DEBUG FS                   - Reading from: system/fxgl.bundle
18:57:44.576 [FXGL Launcher Thread     ] DEBUG IOTask               - Task succeeded: readDataTask(system/fxgl.bundle)
18:57:44.576 [FXGL Launcher Thread     ] DEBUG Bundle               - Logging bundle: FXGL
18:57:44.577 [FXGL Launcher Thread     ] DEBUG Bundle               - FXGL.offline.timer.version.check=2018-03-18T02:01:36.418
18:57:44.806 [FXGL Launcher Thread     ] DEBUG GameApplication      - FXGL started
18:57:44.806 [FXGL Launcher Thread     ] DEBUG GameApplication      - Logging game settings
Title: Space Invaders
Version: 
Width: 800
Height: 600
Fullscreen: false
Intro: false
Menus: false
Profiling: false
Single step:false
App Mode: DEVELOPER
Menu Key: ESCAPE
Stage Style: DECORATED
Scene Factory: class com.almasb.fxgl.scene.SceneFactory
Dialog Factory: class com.almasb.fxgl.ui.FXGLDialogFactory
UI Factory: class com.almasb.fxgl.ui.FXGLUIFactory
Notification Service: class com.almasb.fxgl.gameplay.notification.XboxNotificationView
Exception Handler: class com.almasb.fxgl.app.FXGLExceptionHandler
18:57:44.808 [FXGL Launcher Thread     ] DEBUG GameApplication      - Configuring GameApplication
18:57:44.808 [FXGL Launcher Thread     ] DEBUG GameApplication      - Initializing state machine and application states
18:57:44.838 [FXGL Launcher Thread     ] DEBUG AssetLoader          - Loading from disk: /assets/ui/cursors/fxgl_default.png
18:57:44.937 [FXGL Launcher Thread     ] DEBUG AssetLoader          - Loading from disk: /assets/ui/cursors/fxgl_default.png
18:57:44.942 [FXGL Launcher Thread     ] DEBUG AssetLoader          - Loading from disk: /assets/ui/cursors/fxgl_default.png
18:57:44.976 [FXGL Launcher Thread     ] DEBUG AssetLoader          - Loading from disk: /assets/sounds/core/notification.wav
18:57:45.219 [FXGL Launcher Thread     ] DEBUG AssetLoader          - Loading from disk: /assets/sounds/menu/select.wav
18:57:45.286 [FXGL Launcher Thread     ] DEBUG AssetLoader          - Loading from disk: /assets/sounds/menu/back.wav
18:57:45.334 [FXGL Launcher Thread     ] DEBUG AssetLoader          - Loading from disk: /assets/sounds/menu/press.wav
18:57:45.340 [FXGL Launcher Thread     ] DEBUG AssetLoader          - Loading from disk: /assets/ui/fonts/VarelaRound-Regular.ttf
18:57:45.453 [FXGL Launcher Thread     ] DEBUG AssetLoader          - Loading from disk: /assets/ui/fonts/lucida_console.ttf
18:57:45.524 [FXGL Launcher Thread     ] DEBUG AssetLoader          - Loading from disk: /assets/ui/css/fxgl_dark.css
18:57:45.535 [FXGL Launcher Thread     ] DEBUG AssetLoader          - Loading from disk: /assets/ui/icons/fxgl_icon.png
18:57:45.704 [FXGL Launcher Thread     ] DEBUG AssetLoader          - Loading from disk: /assets/ui/cursors/fxgl_default.png
18:57:45.856 [FXGL Launcher Thread     ] DEBUG FXGL.GameScene       - Game scene initialized: 800x600
18:57:45.883 [FXGL Launcher Thread     ] DEBUG FXGL.GameWorld       - Game world initialized
18:57:46.069 [FXGL Launcher Thread     ] DEBUG FXGL.PhysicsWorld    - Physics world initialized: appHeight=600, physics.ppm=50.0
18:57:46.164 [FXGL Launcher Thread     ] DEBUG Input                - Registered new binding: Pause - Esc
18:57:46.215 [FXGL Launcher Thread     ] INFO  GameApplication      - Game configuration took:  1.407 sec
18:57:46.225 [JavaFX Application Thread] DEBUG MainWindow           - Opening main window
18:57:46.334 [JavaFX Application Thread] DEBUG MainWindow           - Window border size: (0.0, 22.0)
18:57:46.334 [JavaFX Application Thread] DEBUG MainWindow           - Scaled size: 800.0 x 600.0
18:57:46.334 [JavaFX Application Thread] DEBUG MainWindow           - Scaled ratio: (1.0, 1.0)
18:57:46.335 [JavaFX Application Thread] DEBUG MainWindow           - Scene size: 800.0 x 600.0
18:57:46.335 [JavaFX Application Thread] DEBUG MainWindow           - Stage size: 800.0 x 622.0
18:57:46.335 [JavaFX Application Thread] DEBUG GameApplication      - Running preInit()
18:57:46.339 [JavaFX Application Thread] DEBUG AnnotationParser     - Main app package name: SpaceInvaders
18:57:46.339 [JavaFX Application Thread] WARN  AnnotationParser     - SpaceInvaderMain has no package or contains uppercase letters. Disabling annotations processing
18:57:46.354 [JavaFX Application Thread] DEBUG Input                - Registered new binding: Screenshot - P
18:57:46.355 [JavaFX Application Thread] DEBUG Input                - Registered new binding: Dev Options - CTRL+0
18:57:46.356 [JavaFX Application Thread] DEBUG Input                - Registered new binding: Restart - CTRL+R
18:57:46.357 [JavaFX Application Thread] DEBUG Input                - Registered new binding: shoot - Space
18:57:46.357 [JavaFX Application Thread] DEBUG Input                - Registered new binding: move left - Left
18:57:46.357 [JavaFX Application Thread] DEBUG Input                - Registered new binding: move right - Right
18:57:46.357 [JavaFX Application Thread] DEBUG Input                - Registered new binding: move up - Up
18:57:46.358 [JavaFX Application Thread] DEBUG Input                - Registered new binding: move down - Down
18:57:46.358 [JavaFX Application Thread] DEBUG Input                - Registered new binding: speed up - V
18:57:46.432 [JavaFX Application Thread] DEBUG GameApplication      - Starting main loop
18:57:46.509 [JavaFX Application Thread] DEBUG StartupState         - STARTUP
18:57:46.510 [JavaFX Application Thread] DEBUG GameApplication      - Starting new game
18:57:46.510 [JavaFX Application Thread] DEBUG Input                - Clearing active input actions
18:57:46.589 [JavaFX Application Thread] DEBUG AppStateMachine      - StartupState -> LoadingState
18:57:46.591 [JavaFX Application Thread] DEBUG AnnotationParser     - Main app package name: SpaceInvaders
18:57:46.592 [JavaFX Application Thread] WARN  AnnotationParser     - SpaceInvaderMain has no package or contains uppercase letters. Disabling annotations processing
18:57:46.592 [JavaFX Application Thread] DEBUG InitAppTask          - Parsing annotations
18:57:46.607 [FXGL Background Thread 1 ] DEBUG InitAppTask          - Clearing previous game
18:57:46.607 [FXGL Background Thread 1 ] DEBUG FXGL.GameWorld       - Clearing game world
18:57:46.607 [FXGL Background Thread 1 ] DEBUG FXGL.PhysicsWorld    - Clearing physics world
18:57:46.607 [FXGL Background Thread 1 ] DEBUG FXGL.GameScene       - Clearing game scene
18:57:46.609 [FXGL Background Thread 1 ] DEBUG InitAppTask          - Initializing Assets
18:57:46.611 [FXGL Background Thread 1 ] DEBUG InitAppTask          - Initializing Game
18:57:46.751 [FXGL Background Thread 1 ] DEBUG AssetLoader          - Loading from disk: /assets/textures/SpaceInvaders/player.png
18:57:46.781 [FXGL Background Thread 1 ] DEBUG FXGL.GameScene       - Creating render group for layer: TOP(2147483647)
18:57:46.801 [FXGL Background Thread 1 ] DEBUG InitAppTask          - Initializing Physics
18:57:46.802 [FXGL Background Thread 1 ] DEBUG InitAppTask          - Initializing UI
18:57:46.804 [FXGL Background Thread 1 ] DEBUG FXGL.GameScene       - Creating render group for layer: BACKGROUND(1000)
18:57:46.805 [FXGL Background Thread 1 ] DEBUG AssetLoader          - Loading from disk: /assets/textures/SpaceInvaders/Background/starBig.png
18:57:46.808 [FXGL Background Thread 1 ] DEBUG AssetLoader          - Loading from disk: /assets/textures/SpaceInvaders/Background/starSmall.png
18:57:46.810 [FXGL Background Thread 1 ] DEBUG AssetLoader          - Loading from cache: /assets/textures/SpaceInvaders/Background/starBig.png
18:57:46.810 [FXGL Background Thread 1 ] DEBUG AssetLoader          - Loading from cache: /assets/textures/SpaceInvaders/Background/starSmall.png
18:57:46.811 [FXGL Background Thread 1 ] DEBUG AssetLoader          - Loading from cache: /assets/textures/SpaceInvaders/Background/starBig.png
18:57:46.811 [FXGL Background Thread 1 ] DEBUG AssetLoader          - Loading from cache: /assets/textures/SpaceInvaders/Background/starSmall.png
18:57:46.811 [FXGL Background Thread 1 ] DEBUG AssetLoader          - Loading from cache: /assets/textures/SpaceInvaders/Background/starBig.png
18:57:46.812 [FXGL Background Thread 1 ] DEBUG AssetLoader          - Loading from cache: /assets/textures/SpaceInvaders/Background/starSmall.png
18:57:46.812 [FXGL Background Thread 1 ] DEBUG AssetLoader          - Loading from cache: /assets/textures/SpaceInvaders/Background/starBig.png
18:57:46.812 [FXGL Background Thread 1 ] DEBUG AssetLoader          - Loading from cache: /assets/textures/SpaceInvaders/Background/starSmall.png
18:57:46.812 [FXGL Background Thread 1 ] DEBUG AssetLoader          - Loading from cache: /assets/textures/SpaceInvaders/Background/starSmall.png
18:57:46.813 [FXGL Background Thread 1 ] DEBUG AssetLoader          - Loading from cache: /assets/textures/SpaceInvaders/Background/starBig.png
18:57:46.813 [FXGL Background Thread 1 ] DEBUG AssetLoader          - Loading from cache: /assets/textures/SpaceInvaders/Background/starSmall.png
18:57:46.813 [FXGL Background Thread 1 ] DEBUG AssetLoader          - Loading from cache: /assets/textures/SpaceInvaders/Background/starBig.png
18:57:46.813 [FXGL Background Thread 1 ] DEBUG AssetLoader          - Loading from cache: /assets/textures/SpaceInvaders/Background/starSmall.png
18:57:46.813 [FXGL Background Thread 1 ] DEBUG AssetLoader          - Loading from cache: /assets/textures/SpaceInvaders/Background/starBig.png
18:57:46.814 [FXGL Background Thread 1 ] DEBUG AssetLoader          - Loading from cache: /assets/textures/SpaceInvaders/Background/starSmall.png
18:57:46.814 [FXGL Background Thread 1 ] DEBUG AssetLoader          - Loading from cache: /assets/textures/SpaceInvaders/Background/starBig.png
18:57:46.814 [FXGL Background Thread 1 ] DEBUG AssetLoader          - Loading from cache: /assets/textures/SpaceInvaders/Background/starSmall.png
18:57:46.895 [FXGL Background Thread 1 ] DEBUG InitAppTask          - Initialization Complete
18:57:46.902 [FXGL Background Thread 1 ] INFO  InitAppTask          - Game initialization took: 0.295 sec
18:57:46.968 [JavaFX Application Thread] DEBUG Input                - Clearing active input actions
18:57:46.990 [JavaFX Application Thread] DEBUG AppStateMachine      - LoadingState -> PlayState
18:57:47.754 [JavaFX Application Thread] DEBUG AssetLoader          - Loading from disk: /assets/textures/SpaceInvaders/enemyShip.png
18:57:48.252 [JavaFX Application Thread] DEBUG AssetLoader          - Loading from cache: /assets/textures/SpaceInvaders/enemyShip.png
18:57:48.756 [JavaFX Application Thread] DEBUG AssetLoader          - Loading from cache: /assets/textures/SpaceInvaders/enemyShip.png
18:57:49.237 [JavaFX Application Thread] DEBUG AssetLoader          - Loading from cache: /assets/textures/SpaceInvaders/enemyShip.png
18:57:49.753 [JavaFX Application Thread] DEBUG AssetLoader          - Loading from cache: /assets/textures/SpaceInvaders/enemyShip.png
18:57:50.271 [JavaFX Application Thread] DEBUG AssetLoader          - Loading from cache: /assets/textures/SpaceInvaders/enemyShip.png
18:57:50.790 [JavaFX Application Thread] DEBUG AssetLoader          - Loading from cache: /assets/textures/SpaceInvaders/enemyShip.png
18:57:51.304 [JavaFX Application Thread] DEBUG AssetLoader          - Loading from cache: /assets/textures/SpaceInvaders/enemyShip.png
18:57:51.821 [JavaFX Application Thread] DEBUG AssetLoader          - Loading from cache: /assets/textures/SpaceInvaders/enemyShip.png
18:57:52.206 [JavaFX Application Thread] DEBUG AssetLoader          - Loading from disk: /assets/textures/SpaceInvaders/meteorSmall.png
18:57:52.209 [JavaFX Application Thread] DEBUG AssetLoader          - Loading from cache: /assets/textures/SpaceInvaders/meteorSmall.png
18:57:52.211 [JavaFX Application Thread] DEBUG AssetLoader          - Loading from disk: /assets/textures/SpaceInvaders/meteorBig.png
18:57:52.373 [JavaFX Application Thread] DEBUG AssetLoader          - Loading from cache: /assets/textures/SpaceInvaders/enemyShip.png
18:57:52.626 [JavaFX Application Thread] DEBUG AssetLoader          - Loading from disk: /assets/textures/explosions/explosion-6.png
18:57:52.906 [JavaFX Application Thread] DEBUG AssetLoader          - Loading from cache: /assets/textures/SpaceInvaders/enemyShip.png
18:57:53.009 [JavaFX Application Thread] DEBUG AssetLoader          - Loading from cache: /assets/textures/explosions/explosion-6.png
18:57:53.107 [JavaFX Application Thread] DEBUG AssetLoader          - Loading from cache: /assets/textures/explosions/explosion-6.png
18:57:53.439 [JavaFX Application Thread] DEBUG AssetLoader          - Loading from cache: /assets/textures/SpaceInvaders/enemyShip.png
18:57:53.955 [JavaFX Application Thread] DEBUG AssetLoader          - Loading from cache: /assets/textures/SpaceInvaders/enemyShip.png
18:57:54.977 [JavaFX Application Thread] DEBUG AssetLoader          - Loading from cache: /assets/textures/SpaceInvaders/player.png
18:57:55.534 [JavaFX Application Thread] DEBUG AssetLoader          - Loading from disk: /assets/textures/SpaceInvaders/playerLeft.png
18:57:55.774 [JavaFX Application Thread] DEBUG AssetLoader          - Loading from disk: /assets/textures/SpaceInvaders/laserGreen.png
18:57:55.775 [JavaFX Application Thread] DEBUG AssetLoader          - Loading from disk: /assets/textures/SpaceInvaders/laserGreenShot.png
18:57:55.777 [JavaFX Application Thread] DEBUG Input                - Mocking key release: Space
18:57:55.840 [JavaFX Application Thread] DEBUG AssetLoader          - Loading from cache: /assets/textures/SpaceInvaders/player.png
18:57:55.924 [JavaFX Application Thread] DEBUG AssetLoader          - Loading from cache: /assets/textures/SpaceInvaders/laserGreen.png
18:57:55.925 [JavaFX Application Thread] DEBUG AssetLoader          - Loading from cache: /assets/textures/SpaceInvaders/laserGreenShot.png
18:57:55.926 [JavaFX Application Thread] DEBUG Input                - Mocking key release: Space
18:57:56.040 [JavaFX Application Thread] DEBUG AssetLoader          - Loading from cache: /assets/textures/SpaceInvaders/enemyShip.png
18:57:56.075 [JavaFX Application Thread] DEBUG AssetLoader          - Loading from cache: /assets/textures/SpaceInvaders/laserGreen.png
18:57:56.076 [JavaFX Application Thread] DEBUG AssetLoader          - Loading from cache: /assets/textures/SpaceInvaders/laserGreenShot.png
18:57:56.077 [JavaFX Application Thread] DEBUG Input                - Mocking key release: Space
18:57:56.158 [JavaFX Application Thread] DEBUG AssetLoader          - Loading from disk: /assets/textures/explosions/explosion-4.png
18:57:56.540 [JavaFX Application Thread] DEBUG AssetLoader          - Loading from cache: /assets/textures/SpaceInvaders/enemyShip.png
18:57:56.557 [JavaFX Application Thread] DEBUG AssetLoader          - Loading from cache: /assets/textures/SpaceInvaders/enemyShip.png
18:57:56.590 [JavaFX Application Thread] DEBUG AssetLoader          - Loading from cache: /assets/textures/SpaceInvaders/laserGreen.png
18:57:56.592 [JavaFX Application Thread] DEBUG AssetLoader          - Loading from cache: /assets/textures/SpaceInvaders/laserGreenShot.png
18:57:56.593 [JavaFX Application Thread] DEBUG Input                - Mocking key release: Space
18:57:56.740 [JavaFX Application Thread] DEBUG AssetLoader          - Loading from cache: /assets/textures/SpaceInvaders/laserGreen.png
18:57:56.741 [JavaFX Application Thread] DEBUG AssetLoader          - Loading from cache: /assets/textures/SpaceInvaders/laserGreenShot.png
18:57:56.742 [JavaFX Application Thread] DEBUG Input                - Mocking key release: Space
18:57:56.790 [JavaFX Application Thread] DEBUG AssetLoader          - Loading from cache: /assets/textures/SpaceInvaders/enemyShip.png
18:57:56.975 [JavaFX Application Thread] DEBUG AssetLoader          - Loading from cache: /assets/textures/explosions/explosion-4.png
18:57:56.991 [JavaFX Application Thread] DEBUG AssetLoader          - Loading from cache: /assets/textures/SpaceInvaders/laserGreen.png
18:57:56.993 [JavaFX Application Thread] DEBUG AssetLoader          - Loading from cache: /assets/textures/SpaceInvaders/laserGreenShot.png
18:57:56.993 [JavaFX Application Thread] DEBUG Input                - Mocking key release: Space
18:57:57.041 [JavaFX Application Thread] DEBUG AssetLoader          - Loading from cache: /assets/textures/SpaceInvaders/enemyShip.png
18:57:57.207 [JavaFX Application Thread] DEBUG AssetLoader          - Loading from cache: /assets/textures/SpaceInvaders/enemyShip.png
18:57:57.324 [JavaFX Application Thread] DEBUG AssetLoader          - Loading from cache: /assets/textures/SpaceInvaders/meteorSmall.png
18:57:57.325 [JavaFX Application Thread] DEBUG AssetLoader          - Loading from cache: /assets/textures/SpaceInvaders/meteorSmall.png
18:57:57.326 [JavaFX Application Thread] DEBUG AssetLoader          - Loading from cache: /assets/textures/SpaceInvaders/meteorBig.png
18:57:57.374 [JavaFX Application Thread] DEBUG AssetLoader          - Loading from cache: /assets/textures/SpaceInvaders/laserGreen.png
18:57:57.375 [JavaFX Application Thread] DEBUG AssetLoader          - Loading from cache: /assets/textures/SpaceInvaders/laserGreenShot.png
18:57:57.376 [JavaFX Application Thread] DEBUG Input                - Mocking key release: Space
18:57:57.524 [JavaFX Application Thread] DEBUG AssetLoader          - Loading from cache: /assets/textures/SpaceInvaders/enemyShip.png
18:57:57.774 [JavaFX Application Thread] DEBUG AssetLoader          - Loading from cache: /assets/textures/explosions/explosion-6.png
18:57:57.875 [JavaFX Application Thread] DEBUG AssetLoader          - Loading from cache: /assets/textures/SpaceInvaders/laserGreen.png
18:57:57.876 [JavaFX Application Thread] DEBUG AssetLoader          - Loading from cache: /assets/textures/SpaceInvaders/laserGreenShot.png
18:57:57.877 [JavaFX Application Thread] DEBUG Input                - Mocking key release: Space
18:57:57.924 [JavaFX Application Thread] DEBUG AssetLoader          - Loading from cache: /assets/textures/explosions/explosion-4.png
18:57:57.939 [JavaFX Application Thread] WARN  FXGL.GameWorld       - Attempted to remove entity which is not active
18:57:57.957 [JavaFX Application Thread] DEBUG AssetLoader          - Loading from cache: /assets/textures/SpaceInvaders/laserGreen.png
18:57:57.959 [JavaFX Application Thread] DEBUG AssetLoader          - Loading from cache: /assets/textures/SpaceInvaders/laserGreenShot.png
18:57:57.959 [JavaFX Application Thread] DEBUG Input                - Mocking key release: Space
18:57:58.041 [JavaFX Application Thread] DEBUG AssetLoader          - Loading from cache: /assets/textures/SpaceInvaders/laserGreen.png
18:57:58.043 [JavaFX Application Thread] DEBUG AssetLoader          - Loading from cache: /assets/textures/SpaceInvaders/laserGreenShot.png
18:57:58.043 [JavaFX Application Thread] DEBUG Input                - Mocking key release: Space
18:57:58.044 [JavaFX Application Thread] DEBUG AssetLoader          - Loading from cache: /assets/textures/SpaceInvaders/enemyShip.png
18:57:58.125 [JavaFX Application Thread] DEBUG AssetLoader          - Loading from cache: /assets/textures/SpaceInvaders/laserGreen.png
18:57:58.126 [JavaFX Application Thread] DEBUG AssetLoader          - Loading from cache: /assets/textures/SpaceInvaders/laserGreenShot.png
18:57:58.127 [JavaFX Application Thread] DEBUG Input                - Mocking key release: Space
18:57:58.207 [JavaFX Application Thread] DEBUG AssetLoader          - Loading from cache: /assets/textures/SpaceInvaders/laserGreen.png
18:57:58.208 [JavaFX Application Thread] DEBUG AssetLoader          - Loading from cache: /assets/textures/SpaceInvaders/laserGreenShot.png
18:57:58.209 [JavaFX Application Thread] DEBUG Input                - Mocking key release: Space
18:57:58.210 [JavaFX Application Thread] DEBUG AssetLoader          - Loading from cache: /assets/textures/SpaceInvaders/enemyShip.png
18:57:58.290 [JavaFX Application Thread] DEBUG AssetLoader          - Loading from cache: /assets/textures/SpaceInvaders/laserGreen.png
18:57:58.291 [JavaFX Application Thread] DEBUG AssetLoader          - Loading from cache: /assets/textures/SpaceInvaders/laserGreenShot.png
18:57:58.292 [JavaFX Application Thread] DEBUG Input                - Mocking key release: Space
18:57:58.307 [JavaFX Application Thread] DEBUG AssetLoader          - Loading from cache: /assets/textures/explosions/explosion-4.png
18:57:58.373 [JavaFX Application Thread] DEBUG AssetLoader          - Loading from cache: /assets/textures/SpaceInvaders/laserGreen.png
18:57:58.374 [JavaFX Application Thread] DEBUG AssetLoader          - Loading from cache: /assets/textures/SpaceInvaders/laserGreenShot.png
18:57:58.375 [JavaFX Application Thread] DEBUG Input                - Mocking key release: Space
18:57:58.375 [JavaFX Application Thread] DEBUG AssetLoader          - Loading from cache: /assets/textures/explosions/explosion-4.png
18:57:58.457 [JavaFX Application Thread] DEBUG AssetLoader          - Loading from cache: /assets/textures/SpaceInvaders/laserGreen.png
18:57:58.458 [JavaFX Application Thread] DEBUG AssetLoader          - Loading from cache: /assets/textures/SpaceInvaders/laserGreenShot.png
18:57:58.458 [JavaFX Application Thread] DEBUG Input                - Mocking key release: Space
18:57:58.540 [JavaFX Application Thread] DEBUG AssetLoader          - Loading from cache: /assets/textures/SpaceInvaders/laserGreen.png
18:57:58.542 [JavaFX Application Thread] DEBUG AssetLoader          - Loading from cache: /assets/textures/SpaceInvaders/laserGreenShot.png
18:57:58.542 [JavaFX Application Thread] DEBUG Input                - Mocking key release: Space
18:57:58.543 [JavaFX Application Thread] DEBUG AssetLoader          - Loading from cache: /assets/textures/SpaceInvaders/enemyShip.png
18:57:58.624 [JavaFX Application Thread] DEBUG AssetLoader          - Loading from cache: /assets/textures/SpaceInvaders/laserGreen.png
18:57:58.625 [JavaFX Application Thread] DEBUG AssetLoader          - Loading from cache: /assets/textures/SpaceInvaders/laserGreenShot.png
18:57:58.626 [JavaFX Application Thread] DEBUG Input                - Mocking key release: Space
18:57:58.707 [JavaFX Application Thread] DEBUG AssetLoader          - Loading from cache: /assets/textures/SpaceInvaders/laserGreen.png
18:57:58.708 [JavaFX Application Thread] DEBUG AssetLoader          - Loading from cache: /assets/textures/SpaceInvaders/laserGreenShot.png
18:57:58.709 [JavaFX Application Thread] DEBUG Input                - Mocking key release: Space
18:57:58.740 [JavaFX Application Thread] DEBUG AssetLoader          - Loading from cache: /assets/textures/SpaceInvaders/enemyShip.png
18:57:58.790 [JavaFX Application Thread] DEBUG AssetLoader          - Loading from cache: /assets/textures/SpaceInvaders/laserGreen.png
18:57:58.791 [JavaFX Application Thread] DEBUG AssetLoader          - Loading from cache: /assets/textures/SpaceInvaders/laserGreenShot.png
18:57:58.792 [JavaFX Application Thread] DEBUG Input                - Mocking key release: Space
18:57:58.807 [JavaFX Application Thread] DEBUG AssetLoader          - Loading from cache: /assets/textures/explosions/explosion-4.png
18:57:58.858 [JavaFX Application Thread] DEBUG AssetLoader          - Loading from cache: /assets/textures/explosions/explosion-6.png
18:57:58.874 [JavaFX Application Thread] DEBUG AssetLoader          - Loading from cache: /assets/textures/SpaceInvaders/laserGreen.png
18:57:58.874 [JavaFX Application Thread] DEBUG AssetLoader          - Loading from cache: /assets/textures/SpaceInvaders/laserGreenShot.png
18:57:58.875 [JavaFX Application Thread] DEBUG Input                - Mocking key release: Space
18:57:58.956 [JavaFX Application Thread] DEBUG AssetLoader          - Loading from cache: /assets/textures/SpaceInvaders/laserGreen.png
18:57:58.958 [JavaFX Application Thread] DEBUG AssetLoader          - Loading from cache: /assets/textures/SpaceInvaders/laserGreenShot.png
18:57:58.958 [JavaFX Application Thread] DEBUG Input                - Mocking key release: Space
18:57:59.040 [JavaFX Application Thread] DEBUG AssetLoader          - Loading from cache: /assets/textures/SpaceInvaders/laserGreen.png
18:57:59.041 [JavaFX Application Thread] DEBUG AssetLoader          - Loading from cache: /assets/textures/SpaceInvaders/laserGreenShot.png
18:57:59.042 [JavaFX Application Thread] DEBUG Input                - Mocking key release: Space
18:57:59.042 [JavaFX Application Thread] DEBUG AssetLoader          - Loading from cache: /assets/textures/SpaceInvaders/enemyShip.png
18:57:59.123 [JavaFX Application Thread] DEBUG AssetLoader          - Loading from cache: /assets/textures/SpaceInvaders/laserGreen.png
18:57:59.124 [JavaFX Application Thread] DEBUG AssetLoader          - Loading from cache: /assets/textures/SpaceInvaders/laserGreenShot.png
18:57:59.125 [JavaFX Application Thread] DEBUG Input                - Mocking key release: Space
18:57:59.207 [JavaFX Application Thread] DEBUG AssetLoader          - Loading from cache: /assets/textures/SpaceInvaders/laserGreen.png
18:57:59.208 [JavaFX Application Thread] DEBUG AssetLoader          - Loading from cache: /assets/textures/SpaceInvaders/laserGreenShot.png
18:57:59.208 [JavaFX Application Thread] DEBUG Input                - Mocking key release: Space
18:57:59.290 [JavaFX Application Thread] DEBUG AssetLoader          - Loading from cache: /assets/textures/SpaceInvaders/laserGreen.png
18:57:59.291 [JavaFX Application Thread] DEBUG AssetLoader          - Loading from cache: /assets/textures/SpaceInvaders/laserGreenShot.png
18:57:59.291 [JavaFX Application Thread] DEBUG Input                - Mocking key release: Space
18:57:59.374 [JavaFX Application Thread] DEBUG AssetLoader          - Loading from cache: /assets/textures/SpaceInvaders/laserGreen.png
18:57:59.374 [JavaFX Application Thread] DEBUG AssetLoader          - Loading from cache: /assets/textures/SpaceInvaders/laserGreenShot.png
18:57:59.375 [JavaFX Application Thread] DEBUG Input                - Mocking key release: Space
18:57:59.457 [JavaFX Application Thread] DEBUG AssetLoader          - Loading from cache: /assets/textures/SpaceInvaders/laserGreen.png
18:57:59.458 [JavaFX Application Thread] DEBUG AssetLoader          - Loading from cache: /assets/textures/SpaceInvaders/laserGreenShot.png
18:57:59.458 [JavaFX Application Thread] DEBUG Input                - Mocking key release: Space
18:57:59.491 [JavaFX Application Thread] DEBUG AssetLoader          - Loading from cache: /assets/textures/SpaceInvaders/enemyShip.png
18:57:59.493 [JavaFX Application Thread] DEBUG AssetLoader          - Loading from cache: /assets/textures/explosions/explosion-4.png
18:57:59.541 [JavaFX Application Thread] DEBUG AssetLoader          - Loading from cache: /assets/textures/SpaceInvaders/laserGreen.png
18:57:59.541 [JavaFX Application Thread] DEBUG AssetLoader          - Loading from cache: /assets/textures/SpaceInvaders/laserGreenShot.png
18:57:59.541 [JavaFX Application Thread] DEBUG Input                - Mocking key release: Space
18:57:59.542 [JavaFX Application Thread] DEBUG AssetLoader          - Loading from cache: /assets/textures/SpaceInvaders/enemyShip.png
18:57:59.941 [JavaFX Application Thread] DEBUG AssetLoader          - Loading from cache: /assets/textures/SpaceInvaders/enemyShip.png
18:57:59.951 [JavaFX Application Thread] DEBUG AssetLoader          - Loading from cache: /assets/textures/explosions/explosion-4.png
18:58:00.041 [JavaFX Application Thread] DEBUG AssetLoader          - Loading from cache: /assets/textures/SpaceInvaders/enemyShip.png
18:58:00.541 [JavaFX Application Thread] DEBUG AssetLoader          - Loading from cache: /assets/textures/SpaceInvaders/enemyShip.png
18:58:01.041 [JavaFX Application Thread] DEBUG AssetLoader          - Loading from cache: /assets/textures/SpaceInvaders/enemyShip.png
18:58:01.542 [JavaFX Application Thread] DEBUG AssetLoader          - Loading from cache: /assets/textures/SpaceInvaders/enemyShip.png
18:58:02.325 [JavaFX Application Thread] DEBUG AssetLoader          - Loading from cache: /assets/textures/SpaceInvaders/meteorSmall.png
18:58:02.326 [JavaFX Application Thread] DEBUG AssetLoader          - Loading from cache: /assets/textures/SpaceInvaders/meteorSmall.png
18:58:02.327 [JavaFX Application Thread] DEBUG AssetLoader          - Loading from cache: /assets/textures/SpaceInvaders/meteorBig.png
18:58:02.626 [JavaFX Application Thread] DEBUG AssetLoader          - Loading from cache: /assets/textures/explosions/explosion-6.png
18:58:02.709 [JavaFX Application Thread] DEBUG AssetLoader          - Loading from cache: /assets/textures/explosions/explosion-6.png
18:58:02.926 [JavaFX Application Thread] DEBUG AssetLoader          - Loading from cache: /assets/textures/explosions/explosion-6.png
18:58:03.042 [JavaFX Application Thread] DEBUG AssetLoader          - Loading from cache: /assets/textures/SpaceInvaders/enemyShip.png
18:58:03.543 [JavaFX Application Thread] DEBUG AssetLoader          - Loading from cache: /assets/textures/SpaceInvaders/enemyShip.png
18:58:04.059 [JavaFX Application Thread] DEBUG AssetLoader          - Loading from cache: /assets/textures/SpaceInvaders/enemyShip.png
18:58:07.321 [JavaFX Application Thread] DEBUG AssetLoader          - Loading from disk: /assets/textures/SpaceInvaders/playerRight.png
18:58:07.344 [JavaFX Application Thread] DEBUG AssetLoader          - Loading from cache: /assets/textures/SpaceInvaders/meteorSmall.png
18:58:07.345 [JavaFX Application Thread] DEBUG AssetLoader          - Loading from cache: /assets/textures/SpaceInvaders/meteorSmall.png
18:58:07.346 [JavaFX Application Thread] DEBUG AssetLoader          - Loading from cache: /assets/textures/SpaceInvaders/meteorBig.png
18:58:07.495 [JavaFX Application Thread] DEBUG AssetLoader          - Loading from cache: /assets/textures/explosions/explosion-6.png
18:58:07.678 [JavaFX Application Thread] DEBUG AssetLoader          - Loading from cache: /assets/textures/SpaceInvaders/enemyShip.png
18:58:07.877 [JavaFX Application Thread] DEBUG AssetLoader          - Loading from cache: /assets/textures/SpaceInvaders/player.png
18:58:07.894 [JavaFX Application Thread] DEBUG AssetLoader          - Loading from cache: /assets/textures/SpaceInvaders/player.png
18:58:07.911 [JavaFX Application Thread] DEBUG AssetLoader          - Loading from cache: /assets/textures/SpaceInvaders/player.png
18:58:07.927 [JavaFX Application Thread] DEBUG AssetLoader          - Loading from cache: /assets/textures/SpaceInvaders/player.png
18:58:07.944 [JavaFX Application Thread] DEBUG AssetLoader          - Loading from cache: /assets/textures/SpaceInvaders/player.png
18:58:07.961 [JavaFX Application Thread] DEBUG AssetLoader          - Loading from cache: /assets/textures/SpaceInvaders/player.png
18:58:07.977 [JavaFX Application Thread] DEBUG AssetLoader          - Loading from cache: /assets/textures/SpaceInvaders/player.png
18:58:07.994 [JavaFX Application Thread] DEBUG AssetLoader          - Loading from cache: /assets/textures/SpaceInvaders/player.png
18:58:07.996 [JavaFX Application Thread] DEBUG AssetLoader          - Loading from cache: /assets/textures/explosions/explosion-6.png
18:58:08.011 [JavaFX Application Thread] DEBUG AssetLoader          - Loading from cache: /assets/textures/SpaceInvaders/player.png
18:58:08.028 [JavaFX Application Thread] DEBUG AssetLoader          - Loading from cache: /assets/textures/SpaceInvaders/player.png
18:58:08.044 [JavaFX Application Thread] DEBUG AssetLoader          - Loading from cache: /assets/textures/SpaceInvaders/player.png
18:58:08.061 [JavaFX Application Thread] DEBUG AssetLoader          - Loading from cache: /assets/textures/SpaceInvaders/player.png
18:58:08.078 [JavaFX Application Thread] DEBUG AssetLoader          - Loading from cache: /assets/textures/SpaceInvaders/player.png
18:58:08.095 [JavaFX Application Thread] DEBUG AssetLoader          - Loading from cache: /assets/textures/SpaceInvaders/player.png
18:58:08.111 [JavaFX Application Thread] DEBUG AssetLoader          - Loading from cache: /assets/textures/SpaceInvaders/player.png
18:58:08.128 [JavaFX Application Thread] DEBUG AssetLoader          - Loading from cache: /assets/textures/SpaceInvaders/player.png
18:58:08.145 [JavaFX Application Thread] DEBUG AssetLoader          - Loading from cache: /assets/textures/SpaceInvaders/player.png
18:58:08.161 [JavaFX Application Thread] DEBUG AssetLoader          - Loading from cache: /assets/textures/SpaceInvaders/player.png
18:58:08.178 [JavaFX Application Thread] DEBUG AssetLoader          - Loading from cache: /assets/textures/SpaceInvaders/player.png
18:58:08.195 [JavaFX Application Thread] DEBUG AssetLoader          - Loading from cache: /assets/textures/SpaceInvaders/player.png
18:58:08.196 [JavaFX Application Thread] DEBUG AssetLoader          - Loading from cache: /assets/textures/SpaceInvaders/enemyShip.png
18:58:08.214 [JavaFX Application Thread] DEBUG AssetLoader          - Loading from cache: /assets/textures/SpaceInvaders/player.png
18:58:08.225 [JavaFX Application Thread] DEBUG AssetLoader          - Loading from cache: /assets/textures/SpaceInvaders/player.png
18:58:08.228 [JavaFX Application Thread] DEBUG AssetLoader          - Loading from cache: /assets/textures/SpaceInvaders/player.png
18:58:08.245 [JavaFX Application Thread] DEBUG AssetLoader          - Loading from cache: /assets/textures/SpaceInvaders/player.png
18:58:08.261 [JavaFX Application Thread] DEBUG AssetLoader          - Loading from cache: /assets/textures/SpaceInvaders/player.png
18:58:08.274 [JavaFX Application Thread] DEBUG AssetLoader          - Loading from cache: /assets/textures/SpaceInvaders/playerLeft.png
18:58:08.277 [JavaFX Application Thread] DEBUG AssetLoader          - Loading from cache: /assets/textures/SpaceInvaders/player.png
18:58:08.295 [JavaFX Application Thread] DEBUG AssetLoader          - Loading from cache: /assets/textures/SpaceInvaders/player.png
18:58:08.311 [JavaFX Application Thread] DEBUG AssetLoader          - Loading from cache: /assets/textures/SpaceInvaders/player.png
18:58:08.328 [JavaFX Application Thread] DEBUG AssetLoader          - Loading from cache: /assets/textures/SpaceInvaders/player.png
18:58:08.345 [JavaFX Application Thread] DEBUG AssetLoader          - Loading from cache: /assets/textures/SpaceInvaders/player.png
18:58:08.361 [JavaFX Application Thread] DEBUG AssetLoader          - Loading from cache: /assets/textures/SpaceInvaders/player.png
18:58:08.378 [JavaFX Application Thread] DEBUG AssetLoader          - Loading from cache: /assets/textures/SpaceInvaders/player.png
18:58:08.394 [JavaFX Application Thread] DEBUG AssetLoader          - Loading from cache: /assets/textures/SpaceInvaders/player.png
18:58:08.411 [JavaFX Application Thread] DEBUG AssetLoader          - Loading from cache: /assets/textures/SpaceInvaders/player.png
18:58:08.428 [JavaFX Application Thread] DEBUG AssetLoader          - Loading from cache: /assets/textures/SpaceInvaders/player.png
18:58:08.445 [JavaFX Application Thread] DEBUG AssetLoader          - Loading from cache: /assets/textures/SpaceInvaders/player.png
18:58:08.461 [JavaFX Application Thread] DEBUG AssetLoader          - Loading from cache: /assets/textures/SpaceInvaders/player.png
18:58:08.463 [JavaFX Application Thread] DEBUG AssetLoader          - Loading from cache: /assets/textures/explosions/explosion-6.png
18:58:08.478 [JavaFX Application Thread] DEBUG AssetLoader          - Loading from cache: /assets/textures/SpaceInvaders/player.png
18:58:08.495 [JavaFX Application Thread] DEBUG AssetLoader          - Loading from cache: /assets/textures/SpaceInvaders/player.png
18:58:08.512 [JavaFX Application Thread] DEBUG AssetLoader          - Loading from cache: /assets/textures/SpaceInvaders/player.png
18:58:08.528 [JavaFX Application Thread] DEBUG AssetLoader          - Loading from cache: /assets/textures/SpaceInvaders/player.png
18:58:08.545 [JavaFX Application Thread] DEBUG AssetLoader          - Loading from cache: /assets/textures/SpaceInvaders/player.png
18:58:08.561 [JavaFX Application Thread] DEBUG AssetLoader          - Loading from cache: /assets/textures/SpaceInvaders/player.png
18:58:08.578 [JavaFX Application Thread] DEBUG AssetLoader          - Loading from cache: /assets/textures/SpaceInvaders/player.png
18:58:08.595 [JavaFX Application Thread] DEBUG AssetLoader          - Loading from cache: /assets/textures/SpaceInvaders/player.png
18:58:08.612 [JavaFX Application Thread] DEBUG AssetLoader          - Loading from cache: /assets/textures/SpaceInvaders/player.png
18:58:08.628 [JavaFX Application Thread] DEBUG AssetLoader          - Loading from cache: /assets/textures/SpaceInvaders/player.png
18:58:08.645 [JavaFX Application Thread] DEBUG AssetLoader          - Loading from cache: /assets/textures/SpaceInvaders/player.png
18:58:08.662 [JavaFX Application Thread] DEBUG AssetLoader          - Loading from cache: /assets/textures/SpaceInvaders/player.png
18:58:08.678 [JavaFX Application Thread] DEBUG AssetLoader          - Loading from cache: /assets/textures/SpaceInvaders/player.png
18:58:08.695 [JavaFX Application Thread] DEBUG AssetLoader          - Loading from cache: /assets/textures/SpaceInvaders/player.png
18:58:08.712 [JavaFX Application Thread] DEBUG AssetLoader          - Loading from cache: /assets/textures/SpaceInvaders/player.png
18:58:08.713 [JavaFX Application Thread] DEBUG AssetLoader          - Loading from cache: /assets/textures/SpaceInvaders/enemyShip.png
18:58:08.728 [JavaFX Application Thread] DEBUG AssetLoader          - Loading from cache: /assets/textures/SpaceInvaders/player.png
18:58:08.745 [JavaFX Application Thread] DEBUG AssetLoader          - Loading from cache: /assets/textures/SpaceInvaders/player.png
18:58:08.761 [JavaFX Application Thread] DEBUG AssetLoader          - Loading from cache: /assets/textures/SpaceInvaders/player.png
18:58:08.777 [JavaFX Application Thread] DEBUG AssetLoader          - Loading from cache: /assets/textures/SpaceInvaders/player.png
18:58:08.794 [JavaFX Application Thread] DEBUG AssetLoader          - Loading from cache: /assets/textures/SpaceInvaders/player.png
18:58:08.811 [JavaFX Application Thread] DEBUG AssetLoader          - Loading from cache: /assets/textures/SpaceInvaders/player.png
18:58:08.827 [JavaFX Application Thread] DEBUG AssetLoader          - Loading from cache: /assets/textures/SpaceInvaders/player.png
18:58:08.844 [JavaFX Application Thread] DEBUG AssetLoader          - Loading from cache: /assets/textures/SpaceInvaders/player.png
18:58:08.861 [JavaFX Application Thread] DEBUG AssetLoader          - Loading from cache: /assets/textures/SpaceInvaders/player.png
18:58:08.877 [JavaFX Application Thread] DEBUG AssetLoader          - Loading from cache: /assets/textures/SpaceInvaders/player.png
18:58:08.894 [JavaFX Application Thread] DEBUG AssetLoader          - Loading from cache: /assets/textures/SpaceInvaders/player.png
18:58:08.911 [JavaFX Application Thread] DEBUG AssetLoader          - Loading from cache: /assets/textures/SpaceInvaders/player.png
18:58:08.927 [JavaFX Application Thread] DEBUG AssetLoader          - Loading from cache: /assets/textures/SpaceInvaders/player.png
18:58:08.944 [JavaFX Application Thread] DEBUG AssetLoader          - Loading from cache: /assets/textures/SpaceInvaders/player.png
18:58:08.961 [JavaFX Application Thread] DEBUG AssetLoader          - Loading from cache: /assets/textures/SpaceInvaders/player.png
18:58:08.978 [JavaFX Application Thread] DEBUG AssetLoader          - Loading from cache: /assets/textures/SpaceInvaders/player.png
18:58:08.994 [JavaFX Application Thread] DEBUG AssetLoader          - Loading from cache: /assets/textures/SpaceInvaders/player.png
18:58:09.011 [JavaFX Application Thread] DEBUG AssetLoader          - Loading from cache: /assets/textures/SpaceInvaders/player.png
18:58:09.028 [JavaFX Application Thread] DEBUG AssetLoader          - Loading from cache: /assets/textures/SpaceInvaders/player.png
18:58:09.044 [JavaFX Application Thread] DEBUG AssetLoader          - Loading from cache: /assets/textures/SpaceInvaders/player.png
18:58:09.061 [JavaFX Application Thread] DEBUG AssetLoader          - Loading from cache: /assets/textures/SpaceInvaders/player.png
18:58:09.078 [JavaFX Application Thread] DEBUG AssetLoader          - Loading from cache: /assets/textures/SpaceInvaders/player.png
18:58:09.095 [JavaFX Application Thread] DEBUG AssetLoader          - Loading from cache: /assets/textures/SpaceInvaders/player.png
18:58:09.111 [JavaFX Application Thread] DEBUG AssetLoader          - Loading from cache: /assets/textures/SpaceInvaders/player.png
18:58:09.128 [JavaFX Application Thread] DEBUG AssetLoader          - Loading from cache: /assets/textures/SpaceInvaders/player.png
18:58:09.145 [JavaFX Application Thread] DEBUG AssetLoader          - Loading from cache: /assets/textures/SpaceInvaders/player.png
18:58:09.161 [JavaFX Application Thread] DEBUG AssetLoader          - Loading from cache: /assets/textures/SpaceInvaders/player.png
18:58:09.178 [JavaFX Application Thread] DEBUG AssetLoader          - Loading from cache: /assets/textures/SpaceInvaders/player.png
18:58:09.194 [JavaFX Application Thread] DEBUG AssetLoader          - Loading from cache: /assets/textures/SpaceInvaders/player.png
18:58:09.211 [JavaFX Application Thread] DEBUG AssetLoader          - Loading from cache: /assets/textures/SpaceInvaders/player.png
18:58:09.228 [JavaFX Application Thread] DEBUG AssetLoader          - Loading from cache: /assets/textures/SpaceInvaders/player.png
18:58:09.245 [JavaFX Application Thread] DEBUG AssetLoader          - Loading from cache: /assets/textures/SpaceInvaders/player.png
18:58:09.261 [JavaFX Application Thread] DEBUG AssetLoader          - Loading from cache: /assets/textures/SpaceInvaders/player.png
18:58:09.274 [JavaFX Application Thread] DEBUG AssetLoader          - Loading from cache: /assets/textures/SpaceInvaders/playerRight.png
18:58:09.278 [JavaFX Application Thread] DEBUG AssetLoader          - Loading from cache: /assets/textures/SpaceInvaders/player.png
18:58:09.280 [JavaFX Application Thread] DEBUG AssetLoader          - Loading from cache: /assets/textures/SpaceInvaders/player.png
18:58:09.295 [JavaFX Application Thread] DEBUG AssetLoader          - Loading from cache: /assets/textures/SpaceInvaders/player.png
18:58:09.311 [JavaFX Application Thread] DEBUG AssetLoader          - Loading from cache: /assets/textures/SpaceInvaders/player.png
18:58:09.328 [JavaFX Application Thread] DEBUG AssetLoader          - Loading from cache: /assets/textures/SpaceInvaders/player.png
18:58:09.345 [JavaFX Application Thread] DEBUG AssetLoader          - Loading from cache: /assets/textures/SpaceInvaders/player.png
18:58:09.361 [JavaFX Application Thread] DEBUG AssetLoader          - Loading from cache: /assets/textures/SpaceInvaders/player.png
18:58:09.378 [JavaFX Application Thread] DEBUG AssetLoader          - Loading from cache: /assets/textures/SpaceInvaders/player.png
18:58:09.395 [JavaFX Application Thread] DEBUG AssetLoader          - Loading from cache: /assets/textures/SpaceInvaders/player.png
18:58:09.412 [JavaFX Application Thread] DEBUG AssetLoader          - Loading from cache: /assets/textures/SpaceInvaders/player.png
18:58:09.428 [JavaFX Application Thread] DEBUG AssetLoader          - Loading from cache: /assets/textures/SpaceInvaders/player.png
18:58:09.445 [JavaFX Application Thread] DEBUG AssetLoader          - Loading from cache: /assets/textures/SpaceInvaders/player.png
18:58:09.461 [JavaFX Application Thread] DEBUG AssetLoader          - Loading from cache: /assets/textures/SpaceInvaders/player.png
18:58:09.478 [JavaFX Application Thread] DEBUG AssetLoader          - Loading from cache: /assets/textures/SpaceInvaders/player.png
18:58:09.495 [JavaFX Application Thread] DEBUG AssetLoader          - Loading from cache: /assets/textures/SpaceInvaders/player.png
18:58:09.511 [JavaFX Application Thread] DEBUG AssetLoader          - Loading from cache: /assets/textures/SpaceInvaders/player.png
18:58:09.528 [JavaFX Application Thread] DEBUG AssetLoader          - Loading from cache: /assets/textures/SpaceInvaders/player.png
18:58:09.545 [JavaFX Application Thread] DEBUG AssetLoader          - Loading from cache: /assets/textures/SpaceInvaders/player.png
18:58:09.561 [JavaFX Application Thread] DEBUG AssetLoader          - Loading from cache: /assets/textures/SpaceInvaders/player.png
18:58:09.579 [JavaFX Application Thread] DEBUG AssetLoader          - Loading from cache: /assets/textures/SpaceInvaders/player.png
18:58:09.595 [JavaFX Application Thread] DEBUG AssetLoader          - Loading from cache: /assets/textures/SpaceInvaders/player.png
18:58:09.612 [JavaFX Application Thread] DEBUG AssetLoader          - Loading from cache: /assets/textures/SpaceInvaders/player.png
18:58:09.628 [JavaFX Application Thread] DEBUG AssetLoader          - Loading from cache: /assets/textures/SpaceInvaders/player.png
18:58:09.645 [JavaFX Application Thread] DEBUG AssetLoader          - Loading from cache: /assets/textures/SpaceInvaders/player.png
18:58:09.662 [JavaFX Application Thread] DEBUG AssetLoader          - Loading from cache: /assets/textures/SpaceInvaders/player.png
18:58:09.678 [JavaFX Application Thread] DEBUG AssetLoader          - Loading from cache: /assets/textures/SpaceInvaders/player.png
18:58:09.695 [JavaFX Application Thread] DEBUG AssetLoader          - Loading from cache: /assets/textures/SpaceInvaders/player.png
18:58:09.712 [JavaFX Application Thread] DEBUG AssetLoader          - Loading from cache: /assets/textures/SpaceInvaders/player.png
18:58:09.727 [JavaFX Application Thread] DEBUG AssetLoader          - Loading from cache: /assets/textures/SpaceInvaders/player.png
18:58:09.846 [JavaFX Application Thread] DEBUG AssetLoader          - Loading from cache: /assets/textures/SpaceInvaders/laserGreen.png
18:58:09.846 [JavaFX Application Thread] DEBUG AssetLoader          - Loading from cache: /assets/textures/SpaceInvaders/laserGreenShot.png
18:58:09.846 [JavaFX Application Thread] DEBUG Input                - Mocking key release: Space
18:58:09.996 [JavaFX Application Thread] DEBUG AssetLoader          - Loading from cache: /assets/textures/SpaceInvaders/laserGreen.png
18:58:09.997 [JavaFX Application Thread] DEBUG AssetLoader          - Loading from cache: /assets/textures/SpaceInvaders/laserGreenShot.png
18:58:09.997 [JavaFX Application Thread] DEBUG Input                - Mocking key release: Space
18:58:10.113 [JavaFX Application Thread] DEBUG AssetLoader          - Loading from cache: /assets/textures/SpaceInvaders/laserGreen.png
18:58:10.113 [JavaFX Application Thread] DEBUG AssetLoader          - Loading from cache: /assets/textures/SpaceInvaders/laserGreenShot.png
18:58:10.114 [JavaFX Application Thread] DEBUG Input                - Mocking key release: Space
18:58:10.185 [JavaFX Application Thread] DEBUG AssetLoader          - Loading from cache: /assets/textures/SpaceInvaders/playerRight.png
18:58:10.396 [JavaFX Application Thread] DEBUG AssetLoader          - Loading from cache: /assets/textures/SpaceInvaders/enemyShip.png
18:58:10.430 [JavaFX Application Thread] DEBUG AssetLoader          - Loading from cache: /assets/textures/explosions/explosion-4.png
18:58:10.480 [JavaFX Application Thread] DEBUG AssetLoader          - Loading from cache: /assets/textures/SpaceInvaders/laserGreen.png
18:58:10.481 [JavaFX Application Thread] DEBUG AssetLoader          - Loading from cache: /assets/textures/SpaceInvaders/laserGreenShot.png
18:58:10.481 [JavaFX Application Thread] DEBUG Input                - Mocking key release: Space
18:58:10.520 [JavaFX Application Thread] DEBUG AssetLoader          - Loading from cache: /assets/textures/SpaceInvaders/player.png
18:58:10.613 [JavaFX Application Thread] DEBUG AssetLoader          - Loading from cache: /assets/textures/SpaceInvaders/laserGreen.png
18:58:10.614 [JavaFX Application Thread] DEBUG AssetLoader          - Loading from cache: /assets/textures/SpaceInvaders/laserGreenShot.png
18:58:10.614 [JavaFX Application Thread] DEBUG Input                - Mocking key release: Space
18:58:10.747 [JavaFX Application Thread] DEBUG AssetLoader          - Loading from cache: /assets/textures/SpaceInvaders/laserGreen.png
18:58:10.747 [JavaFX Application Thread] DEBUG AssetLoader          - Loading from cache: /assets/textures/SpaceInvaders/laserGreenShot.png
18:58:10.747 [JavaFX Application Thread] DEBUG Input                - Mocking key release: Space
18:58:10.748 [JavaFX Application Thread] DEBUG AssetLoader          - Loading from cache: /assets/textures/SpaceInvaders/enemyShip.png
18:58:10.780 [JavaFX Application Thread] DEBUG AssetLoader          - Loading from cache: /assets/textures/SpaceInvaders/enemyShip.png
18:58:10.960 [JavaFX Application Thread] DEBUG AssetLoader          - Loading from cache: /assets/textures/SpaceInvaders/playerLeft.png
18:58:10.963 [JavaFX Application Thread] DEBUG AssetLoader          - Loading from cache: /assets/textures/explosions/explosion-4.png
18:58:11.163 [JavaFX Application Thread] DEBUG AssetLoader          - Loading from cache: /assets/textures/SpaceInvaders/player.png
18:58:11.180 [JavaFX Application Thread] DEBUG AssetLoader          - Loading from cache: /assets/textures/SpaceInvaders/player.png
18:58:11.196 [JavaFX Application Thread] DEBUG AssetLoader          - Loading from cache: /assets/textures/SpaceInvaders/player.png
18:58:11.213 [JavaFX Application Thread] DEBUG AssetLoader          - Loading from cache: /assets/textures/SpaceInvaders/player.png
18:58:11.214 [JavaFX Application Thread] DEBUG AssetLoader          - Loading from cache: /assets/textures/SpaceInvaders/enemyShip.png
18:58:11.229 [JavaFX Application Thread] DEBUG AssetLoader          - Loading from cache: /assets/textures/SpaceInvaders/player.png
18:58:11.246 [JavaFX Application Thread] DEBUG AssetLoader          - Loading from cache: /assets/textures/SpaceInvaders/player.png
18:58:11.297 [JavaFX Application Thread] DEBUG AssetLoader          - Loading from cache: /assets/textures/SpaceInvaders/enemyShip.png
18:58:11.327 [JavaFX Application Thread] DEBUG AssetLoader          - Loading from cache: /assets/textures/SpaceInvaders/player.png
18:58:11.380 [JavaFX Application Thread] DEBUG AssetLoader          - Loading from cache: /assets/textures/SpaceInvaders/laserGreen.png
18:58:11.380 [JavaFX Application Thread] DEBUG AssetLoader          - Loading from cache: /assets/textures/SpaceInvaders/laserGreenShot.png
18:58:11.381 [JavaFX Application Thread] DEBUG Input                - Mocking key release: Space
18:58:11.513 [JavaFX Application Thread] DEBUG AssetLoader          - Loading from cache: /assets/textures/SpaceInvaders/laserGreen.png
18:58:11.514 [JavaFX Application Thread] DEBUG AssetLoader          - Loading from cache: /assets/textures/SpaceInvaders/laserGreenShot.png
18:58:11.514 [JavaFX Application Thread] DEBUG Input                - Mocking key release: Space
18:58:11.608 [JavaFX Application Thread] DEBUG AssetLoader          - Loading from cache: /assets/textures/SpaceInvaders/playerRight.png
18:58:11.630 [JavaFX Application Thread] DEBUG AssetLoader          - Loading from cache: /assets/textures/SpaceInvaders/enemyShip.png
18:58:11.713 [JavaFX Application Thread] DEBUG AssetLoader          - Loading from cache: /assets/textures/SpaceInvaders/laserGreen.png
18:58:11.713 [JavaFX Application Thread] DEBUG AssetLoader          - Loading from cache: /assets/textures/SpaceInvaders/laserGreenShot.png
18:58:11.714 [JavaFX Application Thread] DEBUG Input                - Mocking key release: Space
18:58:11.780 [JavaFX Application Thread] DEBUG AssetLoader          - Loading from cache: /assets/textures/explosions/explosion-4.png
18:58:11.813 [JavaFX Application Thread] DEBUG AssetLoader          - Loading from cache: /assets/textures/SpaceInvaders/enemyShip.png
18:58:11.913 [JavaFX Application Thread] DEBUG AssetLoader          - Loading from cache: /assets/textures/SpaceInvaders/laserGreen.png
18:58:11.914 [JavaFX Application Thread] DEBUG AssetLoader          - Loading from cache: /assets/textures/SpaceInvaders/laserGreenShot.png
18:58:11.914 [JavaFX Application Thread] DEBUG Input                - Mocking key release: Space
18:58:12.009 [JavaFX Application Thread] DEBUG AssetLoader          - Loading from cache: /assets/textures/SpaceInvaders/player.png
18:58:12.064 [JavaFX Application Thread] DEBUG AssetLoader          - Loading from cache: /assets/textures/SpaceInvaders/enemyShip.png
18:58:12.231 [JavaFX Application Thread] DEBUG AssetLoader          - Loading from cache: /assets/textures/SpaceInvaders/enemyShip.png
18:58:12.364 [JavaFX Application Thread] DEBUG AssetLoader          - Loading from cache: /assets/textures/SpaceInvaders/meteorSmall.png
18:58:12.364 [JavaFX Application Thread] DEBUG AssetLoader          - Loading from cache: /assets/textures/SpaceInvaders/meteorSmall.png
18:58:12.365 [JavaFX Application Thread] DEBUG AssetLoader          - Loading from cache: /assets/textures/SpaceInvaders/meteorBig.png
18:58:12.414 [JavaFX Application Thread] DEBUG AssetLoader          - Loading from cache: /assets/textures/SpaceInvaders/laserGreen.png
18:58:12.415 [JavaFX Application Thread] DEBUG AssetLoader          - Loading from cache: /assets/textures/SpaceInvaders/laserGreenShot.png
18:58:12.415 [JavaFX Application Thread] DEBUG Input                - Mocking key release: Space
18:58:12.580 [JavaFX Application Thread] DEBUG AssetLoader          - Loading from cache: /assets/textures/SpaceInvaders/laserGreen.png
18:58:12.581 [JavaFX Application Thread] DEBUG AssetLoader          - Loading from cache: /assets/textures/SpaceInvaders/laserGreenShot.png
18:58:12.581 [JavaFX Application Thread] DEBUG Input                - Mocking key release: Space
18:58:12.748 [JavaFX Application Thread] DEBUG AssetLoader          - Loading from cache: /assets/textures/SpaceInvaders/laserGreen.png
18:58:12.748 [JavaFX Application Thread] DEBUG AssetLoader          - Loading from cache: /assets/textures/SpaceInvaders/laserGreenShot.png
18:58:12.749 [JavaFX Application Thread] DEBUG Input                - Mocking key release: Space
18:58:12.831 [JavaFX Application Thread] DEBUG AssetLoader          - Loading from cache: /assets/textures/SpaceInvaders/enemyShip.png
18:58:12.947 [JavaFX Application Thread] DEBUG AssetLoader          - Loading from cache: /assets/textures/explosions/explosion-6.png
18:58:12.981 [JavaFX Application Thread] DEBUG AssetLoader          - Loading from cache: /assets/textures/explosions/explosion-4.png
18:58:12.981 [JavaFX Application Thread] DEBUG AssetLoader          - Loading from cache: /assets/textures/explosions/explosion-4.png
18:58:13.331 [JavaFX Application Thread] DEBUG AssetLoader          - Loading from cache: /assets/textures/SpaceInvaders/laserGreen.png
18:58:13.331 [JavaFX Application Thread] DEBUG AssetLoader          - Loading from cache: /assets/textures/SpaceInvaders/laserGreenShot.png
18:58:13.331 [JavaFX Application Thread] DEBUG Input                - Mocking key release: Space
18:58:13.364 [JavaFX Application Thread] DEBUG AssetLoader          - Loading from cache: /assets/textures/SpaceInvaders/enemyShip.png
18:58:13.731 [JavaFX Application Thread] DEBUG AssetLoader          - Loading from cache: /assets/textures/SpaceInvaders/laserGreen.png
18:58:13.732 [JavaFX Application Thread] DEBUG AssetLoader          - Loading from cache: /assets/textures/SpaceInvaders/laserGreenShot.png
18:58:13.732 [JavaFX Application Thread] DEBUG Input                - Mocking key release: Space
18:58:13.732 [JavaFX Application Thread] DEBUG AssetLoader          - Loading from cache: /assets/textures/explosions/explosion-4.png
18:58:13.881 [JavaFX Application Thread] DEBUG AssetLoader          - Loading from cache: /assets/textures/SpaceInvaders/enemyShip.png
18:58:14.131 [JavaFX Application Thread] DEBUG AssetLoader          - Loading from cache: /assets/textures/SpaceInvaders/enemyShip.png
18:58:14.165 [JavaFX Application Thread] DEBUG AssetLoader          - Loading from cache: /assets/textures/SpaceInvaders/laserGreen.png
18:58:14.165 [JavaFX Application Thread] DEBUG AssetLoader          - Loading from cache: /assets/textures/SpaceInvaders/laserGreenShot.png
18:58:14.165 [JavaFX Application Thread] DEBUG Input                - Mocking key release: Space
18:58:14.198 [JavaFX Application Thread] DEBUG AssetLoader          - Loading from cache: /assets/textures/explosions/explosion-6.png
18:58:14.398 [JavaFX Application Thread] DEBUG AssetLoader          - Loading from cache: /assets/textures/SpaceInvaders/enemyShip.png
18:58:14.548 [JavaFX Application Thread] DEBUG AssetLoader          - Loading from cache: /assets/textures/SpaceInvaders/enemyShip.png
18:58:14.582 [JavaFX Application Thread] DEBUG AssetLoader          - Loading from cache: /assets/textures/SpaceInvaders/laserGreen.png
18:58:14.582 [JavaFX Application Thread] DEBUG AssetLoader          - Loading from cache: /assets/textures/SpaceInvaders/laserGreenShot.png
18:58:14.582 [JavaFX Application Thread] DEBUG Input                - Mocking key release: Space
18:58:14.832 [JavaFX Application Thread] DEBUG AssetLoader          - Loading from cache: /assets/textures/SpaceInvaders/enemyShip.png
18:58:14.915 [JavaFX Application Thread] DEBUG AssetLoader          - Loading from cache: /assets/textures/SpaceInvaders/enemyShip.png
18:58:15.145 [JavaFX Application Thread] DEBUG AssetLoader          - Loading from cache: /assets/textures/SpaceInvaders/playerLeft.png
18:58:15.432 [JavaFX Application Thread] DEBUG AssetLoader          - Loading from cache: /assets/textures/SpaceInvaders/enemyShip.png
18:58:16.305 [JavaFX Application Thread] DEBUG AssetLoader          - Loading from cache: /assets/textures/SpaceInvaders/playerRight.png
18:58:16.312 [JavaFX Application Thread] DEBUG AssetLoader          - Loading from cache: /assets/textures/SpaceInvaders/player.png
18:58:16.616 [JavaFX Application Thread] DEBUG AssetLoader          - Loading from cache: /assets/textures/SpaceInvaders/player.png
18:58:16.632 [JavaFX Application Thread] DEBUG AssetLoader          - Loading from cache: /assets/textures/SpaceInvaders/player.png
18:58:16.649 [JavaFX Application Thread] DEBUG AssetLoader          - Loading from cache: /assets/textures/SpaceInvaders/player.png
18:58:16.666 [JavaFX Application Thread] DEBUG AssetLoader          - Loading from cache: /assets/textures/SpaceInvaders/player.png
18:58:16.682 [JavaFX Application Thread] DEBUG AssetLoader          - Loading from cache: /assets/textures/SpaceInvaders/player.png
18:58:16.699 [JavaFX Application Thread] DEBUG AssetLoader          - Loading from cache: /assets/textures/SpaceInvaders/player.png
18:58:16.715 [JavaFX Application Thread] DEBUG AssetLoader          - Loading from cache: /assets/textures/SpaceInvaders/player.png
18:58:16.732 [JavaFX Application Thread] DEBUG AssetLoader          - Loading from cache: /assets/textures/SpaceInvaders/player.png
18:58:16.749 [JavaFX Application Thread] DEBUG AssetLoader          - Loading from cache: /assets/textures/SpaceInvaders/player.png
18:58:16.766 [JavaFX Application Thread] DEBUG AssetLoader          - Loading from cache: /assets/textures/SpaceInvaders/player.png
18:58:16.782 [JavaFX Application Thread] DEBUG AssetLoader          - Loading from cache: /assets/textures/SpaceInvaders/player.png
18:58:16.799 [JavaFX Application Thread] DEBUG AssetLoader          - Loading from cache: /assets/textures/SpaceInvaders/player.png
18:58:16.816 [JavaFX Application Thread] DEBUG AssetLoader          - Loading from cache: /assets/textures/SpaceInvaders/player.png
18:58:16.832 [JavaFX Application Thread] DEBUG AssetLoader          - Loading from cache: /assets/textures/SpaceInvaders/player.png
18:58:16.849 [JavaFX Application Thread] DEBUG AssetLoader          - Loading from cache: /assets/textures/SpaceInvaders/player.png
18:58:16.866 [JavaFX Application Thread] DEBUG AssetLoader          - Loading from cache: /assets/textures/SpaceInvaders/player.png
18:58:16.882 [JavaFX Application Thread] DEBUG AssetLoader          - Loading from cache: /assets/textures/SpaceInvaders/player.png
18:58:16.899 [JavaFX Application Thread] DEBUG AssetLoader          - Loading from cache: /assets/textures/SpaceInvaders/player.png
18:58:16.916 [JavaFX Application Thread] DEBUG AssetLoader          - Loading from cache: /assets/textures/SpaceInvaders/player.png
18:58:16.932 [JavaFX Application Thread] DEBUG AssetLoader          - Loading from cache: /assets/textures/SpaceInvaders/player.png
18:58:16.949 [JavaFX Application Thread] DEBUG AssetLoader          - Loading from cache: /assets/textures/SpaceInvaders/player.png
18:58:16.966 [JavaFX Application Thread] DEBUG AssetLoader          - Loading from cache: /assets/textures/SpaceInvaders/player.png
18:58:16.982 [JavaFX Application Thread] DEBUG AssetLoader          - Loading from cache: /assets/textures/SpaceInvaders/player.png
18:58:16.999 [JavaFX Application Thread] DEBUG AssetLoader          - Loading from cache: /assets/textures/SpaceInvaders/player.png
18:58:17.016 [JavaFX Application Thread] DEBUG AssetLoader          - Loading from cache: /assets/textures/SpaceInvaders/player.png
18:58:17.032 [JavaFX Application Thread] DEBUG AssetLoader          - Loading from cache: /assets/textures/SpaceInvaders/player.png
18:58:17.049 [JavaFX Application Thread] DEBUG AssetLoader          - Loading from cache: /assets/textures/SpaceInvaders/player.png
18:58:17.066 [JavaFX Application Thread] DEBUG AssetLoader          - Loading from cache: /assets/textures/SpaceInvaders/player.png
18:58:17.082 [JavaFX Application Thread] DEBUG AssetLoader          - Loading from cache: /assets/textures/SpaceInvaders/player.png
18:58:17.099 [JavaFX Application Thread] DEBUG AssetLoader          - Loading from cache: /assets/textures/SpaceInvaders/player.png
18:58:17.123 [JavaFX Application Thread] DEBUG AssetLoader          - Loading from cache: /assets/textures/SpaceInvaders/player.png
18:58:17.132 [JavaFX Application Thread] DEBUG AssetLoader          - Loading from cache: /assets/textures/SpaceInvaders/player.png
18:58:17.148 [JavaFX Application Thread] DEBUG AssetLoader          - Loading from cache: /assets/textures/SpaceInvaders/player.png
18:58:17.165 [JavaFX Application Thread] DEBUG AssetLoader          - Loading from cache: /assets/textures/SpaceInvaders/player.png
18:58:17.183 [JavaFX Application Thread] DEBUG AssetLoader          - Loading from cache: /assets/textures/SpaceInvaders/player.png
18:58:17.199 [JavaFX Application Thread] DEBUG AssetLoader          - Loading from cache: /assets/textures/SpaceInvaders/player.png
18:58:17.216 [JavaFX Application Thread] DEBUG AssetLoader          - Loading from cache: /assets/textures/SpaceInvaders/player.png
18:58:17.231 [JavaFX Application Thread] DEBUG AssetLoader          - Loading from cache: /assets/textures/SpaceInvaders/playerLeft.png
18:58:17.232 [JavaFX Application Thread] DEBUG AssetLoader          - Loading from cache: /assets/textures/SpaceInvaders/player.png
18:58:17.241 [JavaFX Application Thread] DEBUG AssetLoader          - Loading from cache: /assets/textures/SpaceInvaders/player.png
18:58:17.249 [JavaFX Application Thread] DEBUG AssetLoader          - Loading from cache: /assets/textures/SpaceInvaders/player.png
18:58:17.265 [JavaFX Application Thread] DEBUG AssetLoader          - Loading from cache: /assets/textures/SpaceInvaders/player.png
18:58:17.282 [JavaFX Application Thread] DEBUG AssetLoader          - Loading from cache: /assets/textures/SpaceInvaders/player.png
18:58:17.299 [JavaFX Application Thread] DEBUG AssetLoader          - Loading from cache: /assets/textures/SpaceInvaders/player.png
18:58:17.316 [JavaFX Application Thread] DEBUG AssetLoader          - Loading from cache: /assets/textures/SpaceInvaders/player.png
18:58:17.332 [JavaFX Application Thread] DEBUG AssetLoader          - Loading from cache: /assets/textures/SpaceInvaders/player.png
18:58:17.349 [JavaFX Application Thread] DEBUG AssetLoader          - Loading from cache: /assets/textures/SpaceInvaders/player.png
18:58:17.366 [JavaFX Application Thread] DEBUG AssetLoader          - Loading from cache: /assets/textures/SpaceInvaders/player.png
18:58:17.382 [JavaFX Application Thread] DEBUG AssetLoader          - Loading from cache: /assets/textures/SpaceInvaders/player.png
18:58:17.383 [JavaFX Application Thread] DEBUG AssetLoader          - Loading from cache: /assets/textures/SpaceInvaders/meteorSmall.png
18:58:17.384 [JavaFX Application Thread] DEBUG AssetLoader          - Loading from cache: /assets/textures/SpaceInvaders/meteorSmall.png
18:58:17.385 [JavaFX Application Thread] DEBUG AssetLoader          - Loading from cache: /assets/textures/SpaceInvaders/meteorBig.png
18:58:17.399 [JavaFX Application Thread] DEBUG AssetLoader          - Loading from cache: /assets/textures/SpaceInvaders/player.png
18:58:17.415 [JavaFX Application Thread] DEBUG AssetLoader          - Loading from cache: /assets/textures/SpaceInvaders/player.png
18:58:17.433 [JavaFX Application Thread] DEBUG AssetLoader          - Loading from cache: /assets/textures/SpaceInvaders/player.png
18:58:17.449 [JavaFX Application Thread] DEBUG AssetLoader          - Loading from cache: /assets/textures/SpaceInvaders/player.png
18:58:17.450 [JavaFX Application Thread] DEBUG AssetLoader          - Loading from cache: /assets/textures/SpaceInvaders/laserGreen.png
18:58:17.450 [JavaFX Application Thread] DEBUG AssetLoader          - Loading from cache: /assets/textures/SpaceInvaders/laserGreenShot.png
18:58:17.450 [JavaFX Application Thread] DEBUG Input                - Mocking key release: Space
18:58:17.466 [JavaFX Application Thread] DEBUG AssetLoader          - Loading from cache: /assets/textures/SpaceInvaders/player.png
18:58:17.483 [JavaFX Application Thread] DEBUG AssetLoader          - Loading from cache: /assets/textures/SpaceInvaders/player.png
18:58:17.499 [JavaFX Application Thread] DEBUG AssetLoader          - Loading from cache: /assets/textures/SpaceInvaders/player.png
18:58:17.516 [JavaFX Application Thread] DEBUG AssetLoader          - Loading from cache: /assets/textures/SpaceInvaders/player.png
18:58:17.533 [JavaFX Application Thread] DEBUG AssetLoader          - Loading from cache: /assets/textures/SpaceInvaders/player.png
18:58:17.549 [JavaFX Application Thread] DEBUG AssetLoader          - Loading from cache: /assets/textures/SpaceInvaders/player.png
18:58:17.566 [JavaFX Application Thread] DEBUG AssetLoader          - Loading from cache: /assets/textures/SpaceInvaders/player.png
18:58:17.583 [JavaFX Application Thread] DEBUG AssetLoader          - Loading from cache: /assets/textures/SpaceInvaders/player.png
18:58:17.599 [JavaFX Application Thread] DEBUG AssetLoader          - Loading from cache: /assets/textures/SpaceInvaders/player.png
18:58:17.616 [JavaFX Application Thread] DEBUG AssetLoader          - Loading from cache: /assets/textures/SpaceInvaders/player.png
18:58:17.633 [JavaFX Application Thread] DEBUG AssetLoader          - Loading from cache: /assets/textures/SpaceInvaders/player.png
18:58:17.649 [JavaFX Application Thread] DEBUG AssetLoader          - Loading from cache: /assets/textures/SpaceInvaders/player.png
18:58:17.666 [JavaFX Application Thread] DEBUG AssetLoader          - Loading from cache: /assets/textures/SpaceInvaders/player.png
18:58:17.667 [JavaFX Application Thread] DEBUG AssetLoader          - Loading from cache: /assets/textures/SpaceInvaders/enemyShip.png
18:58:17.683 [JavaFX Application Thread] DEBUG AssetLoader          - Loading from cache: /assets/textures/SpaceInvaders/player.png
18:58:17.699 [JavaFX Application Thread] DEBUG AssetLoader          - Loading from cache: /assets/textures/SpaceInvaders/player.png
18:58:17.716 [JavaFX Application Thread] DEBUG AssetLoader          - Loading from cache: /assets/textures/SpaceInvaders/player.png
18:58:17.733 [JavaFX Application Thread] DEBUG AssetLoader          - Loading from cache: /assets/textures/SpaceInvaders/player.png
18:58:17.744 [JavaFX Application Thread] DEBUG AssetLoader          - Loading from cache: /assets/textures/SpaceInvaders/player.png
18:58:17.750 [JavaFX Application Thread] DEBUG AssetLoader          - Loading from cache: /assets/textures/SpaceInvaders/player.png
18:58:17.750 [JavaFX Application Thread] DEBUG AssetLoader          - Loading from cache: /assets/textures/SpaceInvaders/laserGreen.png
18:58:17.750 [JavaFX Application Thread] DEBUG AssetLoader          - Loading from cache: /assets/textures/SpaceInvaders/laserGreenShot.png
18:58:17.751 [JavaFX Application Thread] DEBUG Input                - Mocking key release: Space
18:58:17.766 [JavaFX Application Thread] DEBUG AssetLoader          - Loading from cache: /assets/textures/SpaceInvaders/player.png
18:58:17.783 [JavaFX Application Thread] DEBUG AssetLoader          - Loading from cache: /assets/textures/SpaceInvaders/player.png
18:58:17.799 [JavaFX Application Thread] DEBUG AssetLoader          - Loading from cache: /assets/textures/SpaceInvaders/player.png
18:58:17.816 [JavaFX Application Thread] DEBUG AssetLoader          - Loading from cache: /assets/textures/SpaceInvaders/player.png
18:58:17.827 [JavaFX Application Thread] DEBUG AssetLoader          - Loading from cache: /assets/textures/SpaceInvaders/playerRight.png
18:58:17.833 [JavaFX Application Thread] DEBUG AssetLoader          - Loading from cache: /assets/textures/SpaceInvaders/player.png
18:58:17.849 [JavaFX Application Thread] DEBUG AssetLoader          - Loading from cache: /assets/textures/SpaceInvaders/player.png
18:58:17.865 [JavaFX Application Thread] DEBUG AssetLoader          - Loading from cache: /assets/textures/SpaceInvaders/player.png
18:58:17.882 [JavaFX Application Thread] DEBUG AssetLoader          - Loading from cache: /assets/textures/SpaceInvaders/player.png
18:58:17.899 [JavaFX Application Thread] DEBUG AssetLoader          - Loading from cache: /assets/textures/SpaceInvaders/player.png
18:58:17.916 [JavaFX Application Thread] DEBUG AssetLoader          - Loading from cache: /assets/textures/SpaceInvaders/player.png
18:58:17.932 [JavaFX Application Thread] DEBUG AssetLoader          - Loading from cache: /assets/textures/SpaceInvaders/player.png
18:58:17.950 [JavaFX Application Thread] DEBUG AssetLoader          - Loading from cache: /assets/textures/SpaceInvaders/player.png
18:58:17.966 [JavaFX Application Thread] DEBUG AssetLoader          - Loading from cache: /assets/textures/SpaceInvaders/player.png
18:58:17.967 [JavaFX Application Thread] DEBUG AssetLoader          - Loading from cache: /assets/textures/SpaceInvaders/laserGreen.png
18:58:17.968 [JavaFX Application Thread] DEBUG AssetLoader          - Loading from cache: /assets/textures/SpaceInvaders/laserGreenShot.png
18:58:17.968 [JavaFX Application Thread] DEBUG Input                - Mocking key release: Space
18:58:17.983 [JavaFX Application Thread] DEBUG AssetLoader          - Loading from cache: /assets/textures/SpaceInvaders/player.png
18:58:17.985 [JavaFX Application Thread] DEBUG AssetLoader          - Loading from cache: /assets/textures/explosions/explosion-6.png
18:58:17.999 [JavaFX Application Thread] DEBUG AssetLoader          - Loading from cache: /assets/textures/SpaceInvaders/player.png
18:58:18.016 [JavaFX Application Thread] DEBUG AssetLoader          - Loading from cache: /assets/textures/SpaceInvaders/player.png
18:58:18.017 [JavaFX Application Thread] DEBUG AssetLoader          - Loading from cache: /assets/textures/SpaceInvaders/enemyShip.png
18:58:18.033 [JavaFX Application Thread] DEBUG AssetLoader          - Loading from cache: /assets/textures/SpaceInvaders/player.png
18:58:18.050 [JavaFX Application Thread] DEBUG AssetLoader          - Loading from cache: /assets/textures/SpaceInvaders/player.png
18:58:18.051 [JavaFX Application Thread] DEBUG AssetLoader          - Loading from cache: /assets/textures/SpaceInvaders/enemyShip.png
18:58:18.066 [JavaFX Application Thread] DEBUG AssetLoader          - Loading from cache: /assets/textures/SpaceInvaders/player.png
18:58:18.068 [JavaFX Application Thread] DEBUG AssetLoader          - Loading from cache: /assets/textures/explosions/explosion-4.png
18:58:18.083 [JavaFX Application Thread] DEBUG AssetLoader          - Loading from cache: /assets/textures/SpaceInvaders/player.png
18:58:18.100 [JavaFX Application Thread] DEBUG AssetLoader          - Loading from cache: /assets/textures/SpaceInvaders/player.png
18:58:18.116 [JavaFX Application Thread] DEBUG AssetLoader          - Loading from cache: /assets/textures/SpaceInvaders/player.png
18:58:18.117 [JavaFX Application Thread] DEBUG AssetLoader          - Loading from cache: /assets/textures/SpaceInvaders/laserGreen.png
18:58:18.117 [JavaFX Application Thread] DEBUG AssetLoader          - Loading from cache: /assets/textures/SpaceInvaders/laserGreenShot.png
18:58:18.117 [JavaFX Application Thread] DEBUG Input                - Mocking key release: Space
18:58:18.132 [JavaFX Application Thread] DEBUG AssetLoader          - Loading from cache: /assets/textures/SpaceInvaders/player.png
18:58:18.149 [JavaFX Application Thread] DEBUG AssetLoader          - Loading from cache: /assets/textures/SpaceInvaders/player.png
18:58:18.166 [JavaFX Application Thread] DEBUG AssetLoader          - Loading from cache: /assets/textures/SpaceInvaders/player.png
18:58:18.183 [JavaFX Application Thread] DEBUG AssetLoader          - Loading from cache: /assets/textures/SpaceInvaders/player.png
18:58:18.199 [JavaFX Application Thread] DEBUG AssetLoader          - Loading from cache: /assets/textures/SpaceInvaders/player.png
18:58:18.216 [JavaFX Application Thread] DEBUG AssetLoader          - Loading from cache: /assets/textures/SpaceInvaders/player.png
18:58:18.233 [JavaFX Application Thread] DEBUG AssetLoader          - Loading from cache: /assets/textures/SpaceInvaders/player.png
18:58:18.249 [JavaFX Application Thread] DEBUG AssetLoader          - Loading from cache: /assets/textures/SpaceInvaders/player.png
18:58:18.267 [JavaFX Application Thread] DEBUG AssetLoader          - Loading from cache: /assets/textures/SpaceInvaders/player.png
18:58:18.283 [JavaFX Application Thread] DEBUG AssetLoader          - Loading from cache: /assets/textures/SpaceInvaders/player.png
18:58:18.300 [JavaFX Application Thread] DEBUG AssetLoader          - Loading from cache: /assets/textures/SpaceInvaders/player.png
18:58:18.316 [JavaFX Application Thread] DEBUG AssetLoader          - Loading from cache: /assets/textures/SpaceInvaders/player.png
18:58:18.332 [JavaFX Application Thread] DEBUG AssetLoader          - Loading from cache: /assets/textures/SpaceInvaders/player.png
18:58:18.350 [JavaFX Application Thread] DEBUG AssetLoader          - Loading from cache: /assets/textures/SpaceInvaders/player.png
18:58:18.366 [JavaFX Application Thread] DEBUG AssetLoader          - Loading from cache: /assets/textures/SpaceInvaders/player.png
18:58:18.383 [JavaFX Application Thread] DEBUG AssetLoader          - Loading from cache: /assets/textures/SpaceInvaders/player.png
18:58:18.399 [JavaFX Application Thread] DEBUG AssetLoader          - Loading from cache: /assets/textures/SpaceInvaders/player.png
18:58:18.417 [JavaFX Application Thread] DEBUG AssetLoader          - Loading from cache: /assets/textures/SpaceInvaders/player.png
18:58:18.433 [JavaFX Application Thread] DEBUG AssetLoader          - Loading from cache: /assets/textures/SpaceInvaders/player.png
18:58:18.450 [JavaFX Application Thread] DEBUG AssetLoader          - Loading from cache: /assets/textures/SpaceInvaders/player.png
18:58:18.451 [JavaFX Application Thread] DEBUG AssetLoader          - Loading from cache: /assets/textures/SpaceInvaders/laserGreen.png
18:58:18.451 [JavaFX Application Thread] DEBUG AssetLoader          - Loading from cache: /assets/textures/SpaceInvaders/laserGreenShot.png
18:58:18.452 [JavaFX Application Thread] DEBUG Input                - Mocking key release: Space
18:58:18.467 [JavaFX Application Thread] DEBUG AssetLoader          - Loading from cache: /assets/textures/SpaceInvaders/player.png
18:58:18.483 [JavaFX Application Thread] DEBUG AssetLoader          - Loading from cache: /assets/textures/SpaceInvaders/player.png
18:58:18.500 [JavaFX Application Thread] DEBUG AssetLoader          - Loading from cache: /assets/textures/SpaceInvaders/player.png
18:58:18.516 [JavaFX Application Thread] DEBUG AssetLoader          - Loading from cache: /assets/textures/SpaceInvaders/player.png
18:58:18.518 [JavaFX Application Thread] DEBUG AssetLoader          - Loading from cache: /assets/textures/SpaceInvaders/enemyShip.png
18:58:18.533 [JavaFX Application Thread] DEBUG AssetLoader          - Loading from cache: /assets/textures/SpaceInvaders/player.png
18:58:18.534 [JavaFX Application Thread] DEBUG AssetLoader          - Loading from cache: /assets/textures/SpaceInvaders/enemyShip.png
18:58:18.549 [JavaFX Application Thread] DEBUG AssetLoader          - Loading from cache: /assets/textures/SpaceInvaders/player.png
18:58:18.567 [JavaFX Application Thread] DEBUG AssetLoader          - Loading from cache: /assets/textures/SpaceInvaders/player.png
18:58:18.583 [JavaFX Application Thread] DEBUG AssetLoader          - Loading from cache: /assets/textures/SpaceInvaders/player.png
18:58:18.594 [JavaFX Application Thread] DEBUG AssetLoader          - Loading from cache: /assets/textures/SpaceInvaders/player.png
18:58:18.600 [JavaFX Application Thread] DEBUG AssetLoader          - Loading from cache: /assets/textures/SpaceInvaders/player.png
18:58:18.601 [JavaFX Application Thread] DEBUG AssetLoader          - Loading from cache: /assets/textures/explosions/explosion-6.png
18:58:18.616 [JavaFX Application Thread] DEBUG AssetLoader          - Loading from cache: /assets/textures/SpaceInvaders/player.png
18:58:18.633 [JavaFX Application Thread] DEBUG AssetLoader          - Loading from cache: /assets/textures/SpaceInvaders/player.png
18:58:18.650 [JavaFX Application Thread] DEBUG AssetLoader          - Loading from cache: /assets/textures/SpaceInvaders/player.png
18:58:18.666 [JavaFX Application Thread] DEBUG AssetLoader          - Loading from cache: /assets/textures/SpaceInvaders/player.png
18:58:18.683 [JavaFX Application Thread] DEBUG AssetLoader          - Loading from cache: /assets/textures/SpaceInvaders/player.png
18:58:18.700 [JavaFX Application Thread] DEBUG AssetLoader          - Loading from cache: /assets/textures/SpaceInvaders/player.png
18:58:18.704 [JavaFX Application Thread] DEBUG AssetLoader          - Loading from cache: /assets/textures/SpaceInvaders/playerLeft.png
18:58:18.717 [JavaFX Application Thread] DEBUG AssetLoader          - Loading from cache: /assets/textures/SpaceInvaders/player.png
18:58:18.733 [JavaFX Application Thread] DEBUG AssetLoader          - Loading from cache: /assets/textures/SpaceInvaders/player.png
18:58:18.734 [JavaFX Application Thread] DEBUG AssetLoader          - Loading from cache: /assets/textures/SpaceInvaders/laserGreen.png
18:58:18.735 [JavaFX Application Thread] DEBUG AssetLoader          - Loading from cache: /assets/textures/SpaceInvaders/laserGreenShot.png
18:58:18.735 [JavaFX Application Thread] DEBUG Input                - Mocking key release: Space
18:58:18.750 [JavaFX Application Thread] DEBUG AssetLoader          - Loading from cache: /assets/textures/SpaceInvaders/player.png
18:58:18.766 [JavaFX Application Thread] DEBUG AssetLoader          - Loading from cache: /assets/textures/SpaceInvaders/player.png
18:58:18.783 [JavaFX Application Thread] DEBUG AssetLoader          - Loading from cache: /assets/textures/SpaceInvaders/player.png
18:58:18.800 [JavaFX Application Thread] DEBUG AssetLoader          - Loading from cache: /assets/textures/SpaceInvaders/player.png
18:58:18.817 [JavaFX Application Thread] DEBUG AssetLoader          - Loading from cache: /assets/textures/SpaceInvaders/player.png
18:58:18.833 [JavaFX Application Thread] DEBUG AssetLoader          - Loading from cache: /assets/textures/SpaceInvaders/player.png
18:58:18.849 [JavaFX Application Thread] DEBUG AssetLoader          - Loading from cache: /assets/textures/SpaceInvaders/player.png
18:58:18.867 [JavaFX Application Thread] DEBUG AssetLoader          - Loading from cache: /assets/textures/SpaceInvaders/player.png
18:58:18.867 [JavaFX Application Thread] DEBUG AssetLoader          - Loading from cache: /assets/textures/SpaceInvaders/laserGreen.png
18:58:18.868 [JavaFX Application Thread] DEBUG AssetLoader          - Loading from cache: /assets/textures/SpaceInvaders/laserGreenShot.png
18:58:18.868 [JavaFX Application Thread] DEBUG Input                - Mocking key release: Space
18:58:18.883 [JavaFX Application Thread] DEBUG AssetLoader          - Loading from cache: /assets/textures/SpaceInvaders/player.png
18:58:18.900 [JavaFX Application Thread] DEBUG AssetLoader          - Loading from cache: /assets/textures/SpaceInvaders/player.png
18:58:18.917 [JavaFX Application Thread] DEBUG AssetLoader          - Loading from cache: /assets/textures/SpaceInvaders/player.png
18:58:18.933 [JavaFX Application Thread] DEBUG AssetLoader          - Loading from cache: /assets/textures/SpaceInvaders/player.png
18:58:18.950 [JavaFX Application Thread] DEBUG AssetLoader          - Loading from cache: /assets/textures/SpaceInvaders/player.png
18:58:18.967 [JavaFX Application Thread] DEBUG AssetLoader          - Loading from cache: /assets/textures/SpaceInvaders/player.png
18:58:18.983 [JavaFX Application Thread] DEBUG AssetLoader          - Loading from cache: /assets/textures/SpaceInvaders/player.png
18:58:18.999 [JavaFX Application Thread] DEBUG AssetLoader          - Loading from cache: /assets/textures/SpaceInvaders/player.png
18:58:19.017 [JavaFX Application Thread] DEBUG AssetLoader          - Loading from cache: /assets/textures/SpaceInvaders/player.png
18:58:19.033 [JavaFX Application Thread] DEBUG AssetLoader          - Loading from cache: /assets/textures/SpaceInvaders/player.png
18:58:19.050 [JavaFX Application Thread] DEBUG AssetLoader          - Loading from cache: /assets/textures/SpaceInvaders/player.png
18:58:19.050 [JavaFX Application Thread] DEBUG AssetLoader          - Loading from cache: /assets/textures/SpaceInvaders/enemyShip.png
18:58:19.067 [JavaFX Application Thread] DEBUG AssetLoader          - Loading from cache: /assets/textures/SpaceInvaders/player.png
18:58:19.067 [JavaFX Application Thread] DEBUG AssetLoader          - Loading from cache: /assets/textures/SpaceInvaders/laserGreen.png
18:58:19.068 [JavaFX Application Thread] DEBUG AssetLoader          - Loading from cache: /assets/textures/SpaceInvaders/laserGreenShot.png
18:58:19.068 [JavaFX Application Thread] DEBUG Input                - Mocking key release: Space
18:58:19.083 [JavaFX Application Thread] DEBUG AssetLoader          - Loading from cache: /assets/textures/SpaceInvaders/player.png
18:58:19.100 [JavaFX Application Thread] DEBUG AssetLoader          - Loading from cache: /assets/textures/SpaceInvaders/player.png
18:58:19.117 [JavaFX Application Thread] DEBUG AssetLoader          - Loading from cache: /assets/textures/SpaceInvaders/player.png
18:58:19.133 [JavaFX Application Thread] DEBUG AssetLoader          - Loading from cache: /assets/textures/SpaceInvaders/player.png
18:58:19.149 [JavaFX Application Thread] DEBUG AssetLoader          - Loading from cache: /assets/textures/SpaceInvaders/player.png
18:58:19.167 [JavaFX Application Thread] DEBUG AssetLoader          - Loading from cache: /assets/textures/SpaceInvaders/player.png
18:58:19.183 [JavaFX Application Thread] DEBUG AssetLoader          - Loading from cache: /assets/textures/SpaceInvaders/player.png
18:58:19.200 [JavaFX Application Thread] DEBUG AssetLoader          - Loading from cache: /assets/textures/SpaceInvaders/player.png
18:58:19.217 [JavaFX Application Thread] DEBUG AssetLoader          - Loading from cache: /assets/textures/SpaceInvaders/player.png
18:58:19.217 [JavaFX Application Thread] DEBUG AssetLoader          - Loading from cache: /assets/textures/SpaceInvaders/laserGreen.png
18:58:19.218 [JavaFX Application Thread] DEBUG AssetLoader          - Loading from cache: /assets/textures/SpaceInvaders/laserGreenShot.png
18:58:19.218 [JavaFX Application Thread] DEBUG Input                - Mocking key release: Space
18:58:19.233 [JavaFX Application Thread] DEBUG AssetLoader          - Loading from cache: /assets/textures/SpaceInvaders/player.png
18:58:19.250 [JavaFX Application Thread] DEBUG AssetLoader          - Loading from cache: /assets/textures/SpaceInvaders/player.png
18:58:19.267 [JavaFX Application Thread] DEBUG AssetLoader          - Loading from cache: /assets/textures/SpaceInvaders/player.png
18:58:19.283 [JavaFX Application Thread] DEBUG AssetLoader          - Loading from cache: /assets/textures/SpaceInvaders/player.png
18:58:19.299 [JavaFX Application Thread] DEBUG AssetLoader          - Loading from cache: /assets/textures/SpaceInvaders/player.png
18:58:19.317 [JavaFX Application Thread] DEBUG AssetLoader          - Loading from cache: /assets/textures/SpaceInvaders/player.png
18:58:19.333 [JavaFX Application Thread] DEBUG AssetLoader          - Loading from cache: /assets/textures/SpaceInvaders/player.png
18:58:19.350 [JavaFX Application Thread] DEBUG AssetLoader          - Loading from cache: /assets/textures/SpaceInvaders/player.png
18:58:19.351 [JavaFX Application Thread] DEBUG AssetLoader          - Loading from cache: /assets/textures/explosions/explosion-4.png
18:58:19.367 [JavaFX Application Thread] DEBUG AssetLoader          - Loading from cache: /assets/textures/SpaceInvaders/player.png
18:58:19.383 [JavaFX Application Thread] DEBUG AssetLoader          - Loading from cache: /assets/textures/SpaceInvaders/player.png
18:58:19.400 [JavaFX Application Thread] DEBUG AssetLoader          - Loading from cache: /assets/textures/SpaceInvaders/player.png
18:58:19.417 [JavaFX Application Thread] DEBUG AssetLoader          - Loading from cache: /assets/textures/SpaceInvaders/player.png
18:58:19.418 [JavaFX Application Thread] DEBUG AssetLoader          - Loading from cache: /assets/textures/SpaceInvaders/laserGreen.png
18:58:19.418 [JavaFX Application Thread] DEBUG AssetLoader          - Loading from cache: /assets/textures/SpaceInvaders/laserGreenShot.png
18:58:19.418 [JavaFX Application Thread] DEBUG Input                - Mocking key release: Space
18:58:19.434 [JavaFX Application Thread] DEBUG AssetLoader          - Loading from cache: /assets/textures/SpaceInvaders/player.png
18:58:19.449 [JavaFX Application Thread] DEBUG AssetLoader          - Loading from cache: /assets/textures/SpaceInvaders/player.png
18:58:19.467 [JavaFX Application Thread] DEBUG AssetLoader          - Loading from cache: /assets/textures/SpaceInvaders/player.png
18:58:19.483 [JavaFX Application Thread] DEBUG AssetLoader          - Loading from cache: /assets/textures/SpaceInvaders/player.png
18:58:19.500 [JavaFX Application Thread] DEBUG AssetLoader          - Loading from cache: /assets/textures/SpaceInvaders/player.png
18:58:19.517 [JavaFX Application Thread] DEBUG AssetLoader          - Loading from cache: /assets/textures/SpaceInvaders/enemyShip.png
18:58:19.550 [JavaFX Application Thread] DEBUG AssetLoader          - Loading from cache: /assets/textures/SpaceInvaders/player.png
18:58:19.551 [JavaFX Application Thread] DEBUG AssetLoader          - Loading from cache: /assets/textures/SpaceInvaders/enemyShip.png
18:58:19.566 [JavaFX Application Thread] DEBUG AssetLoader          - Loading from cache: /assets/textures/SpaceInvaders/player.png
18:58:19.567 [JavaFX Application Thread] DEBUG AssetLoader          - Loading from cache: /assets/textures/SpaceInvaders/enemyShip.png
18:58:19.583 [JavaFX Application Thread] DEBUG AssetLoader          - Loading from cache: /assets/textures/SpaceInvaders/player.png
18:58:19.583 [JavaFX Application Thread] DEBUG AssetLoader          - Loading from cache: /assets/textures/SpaceInvaders/player.png
18:58:19.584 [JavaFX Application Thread] DEBUG AssetLoader          - Loading from cache: /assets/textures/SpaceInvaders/laserGreen.png
18:58:19.584 [JavaFX Application Thread] DEBUG AssetLoader          - Loading from cache: /assets/textures/SpaceInvaders/laserGreenShot.png
18:58:19.585 [JavaFX Application Thread] DEBUG Input                - Mocking key release: Space
18:58:19.600 [JavaFX Application Thread] DEBUG AssetLoader          - Loading from cache: /assets/textures/SpaceInvaders/player.png
18:58:19.617 [JavaFX Application Thread] DEBUG AssetLoader          - Loading from cache: /assets/textures/SpaceInvaders/player.png
18:58:19.634 [JavaFX Application Thread] DEBUG AssetLoader          - Loading from cache: /assets/textures/SpaceInvaders/player.png
18:58:19.650 [JavaFX Application Thread] DEBUG AssetLoader          - Loading from cache: /assets/textures/SpaceInvaders/player.png
18:58:19.667 [JavaFX Application Thread] DEBUG AssetLoader          - Loading from cache: /assets/textures/SpaceInvaders/player.png
18:58:19.680 [JavaFX Application Thread] DEBUG AssetLoader          - Loading from cache: /assets/textures/SpaceInvaders/playerRight.png
18:58:19.684 [JavaFX Application Thread] DEBUG AssetLoader          - Loading from cache: /assets/textures/SpaceInvaders/player.png
18:58:19.684 [JavaFX Application Thread] DEBUG AssetLoader          - Loading from cache: /assets/textures/SpaceInvaders/enemyShip.png
18:58:19.700 [JavaFX Application Thread] DEBUG AssetLoader          - Loading from cache: /assets/textures/SpaceInvaders/player.png
18:58:19.717 [JavaFX Application Thread] DEBUG AssetLoader          - Loading from cache: /assets/textures/SpaceInvaders/player.png
18:58:19.718 [JavaFX Application Thread] DEBUG AssetLoader          - Loading from cache: /assets/textures/SpaceInvaders/enemyShip.png
18:58:19.734 [JavaFX Application Thread] DEBUG AssetLoader          - Loading from cache: /assets/textures/SpaceInvaders/player.png
18:58:19.750 [JavaFX Application Thread] DEBUG AssetLoader          - Loading from cache: /assets/textures/SpaceInvaders/player.png
18:58:19.767 [JavaFX Application Thread] DEBUG AssetLoader          - Loading from cache: /assets/textures/SpaceInvaders/player.png
18:58:19.784 [JavaFX Application Thread] DEBUG AssetLoader          - Loading from cache: /assets/textures/SpaceInvaders/player.png
18:58:19.785 [JavaFX Application Thread] DEBUG AssetLoader          - Loading from cache: /assets/textures/SpaceInvaders/laserGreen.png
18:58:19.785 [JavaFX Application Thread] DEBUG AssetLoader          - Loading from cache: /assets/textures/SpaceInvaders/laserGreenShot.png
18:58:19.785 [JavaFX Application Thread] DEBUG Input                - Mocking key release: Space
18:58:19.801 [JavaFX Application Thread] DEBUG AssetLoader          - Loading from cache: /assets/textures/SpaceInvaders/player.png
18:58:19.817 [JavaFX Application Thread] DEBUG AssetLoader          - Loading from cache: /assets/textures/SpaceInvaders/player.png
18:58:19.834 [JavaFX Application Thread] DEBUG AssetLoader          - Loading from cache: /assets/textures/SpaceInvaders/player.png
18:58:19.851 [JavaFX Application Thread] DEBUG AssetLoader          - Loading from cache: /assets/textures/SpaceInvaders/player.png
18:58:19.867 [JavaFX Application Thread] DEBUG AssetLoader          - Loading from cache: /assets/textures/SpaceInvaders/player.png
18:58:19.884 [JavaFX Application Thread] DEBUG AssetLoader          - Loading from cache: /assets/textures/SpaceInvaders/player.png
18:58:19.900 [JavaFX Application Thread] DEBUG AssetLoader          - Loading from cache: /assets/textures/SpaceInvaders/player.png
18:58:19.917 [JavaFX Application Thread] DEBUG AssetLoader          - Loading from cache: /assets/textures/SpaceInvaders/player.png
18:58:19.934 [JavaFX Application Thread] DEBUG AssetLoader          - Loading from cache: /assets/textures/SpaceInvaders/player.png
18:58:19.935 [JavaFX Application Thread] DEBUG AssetLoader          - Loading from cache: /assets/textures/SpaceInvaders/laserGreen.png
18:58:19.935 [JavaFX Application Thread] DEBUG AssetLoader          - Loading from cache: /assets/textures/SpaceInvaders/laserGreenShot.png
18:58:19.935 [JavaFX Application Thread] DEBUG Input                - Mocking key release: Space
18:58:19.950 [JavaFX Application Thread] DEBUG AssetLoader          - Loading from cache: /assets/textures/SpaceInvaders/player.png
18:58:19.967 [JavaFX Application Thread] DEBUG AssetLoader          - Loading from cache: /assets/textures/SpaceInvaders/player.png
18:58:19.984 [JavaFX Application Thread] DEBUG AssetLoader          - Loading from cache: /assets/textures/SpaceInvaders/player.png
18:58:19.985 [JavaFX Application Thread] DEBUG AssetLoader          - Loading from cache: /assets/textures/explosions/explosion-4.png
18:58:20.000 [JavaFX Application Thread] DEBUG AssetLoader          - Loading from cache: /assets/textures/SpaceInvaders/player.png
18:58:20.017 [JavaFX Application Thread] DEBUG AssetLoader          - Loading from cache: /assets/textures/SpaceInvaders/player.png
18:58:20.034 [JavaFX Application Thread] DEBUG AssetLoader          - Loading from cache: /assets/textures/SpaceInvaders/player.png
18:58:20.051 [JavaFX Application Thread] DEBUG AssetLoader          - Loading from cache: /assets/textures/SpaceInvaders/player.png
18:58:20.067 [JavaFX Application Thread] DEBUG AssetLoader          - Loading from cache: /assets/textures/SpaceInvaders/player.png
18:58:20.084 [JavaFX Application Thread] DEBUG AssetLoader          - Loading from cache: /assets/textures/SpaceInvaders/player.png
18:58:20.085 [JavaFX Application Thread] DEBUG AssetLoader          - Loading from cache: /assets/textures/SpaceInvaders/laserGreen.png
18:58:20.085 [JavaFX Application Thread] DEBUG AssetLoader          - Loading from cache: /assets/textures/SpaceInvaders/laserGreenShot.png
18:58:20.085 [JavaFX Application Thread] DEBUG Input                - Mocking key release: Space
18:58:20.086 [JavaFX Application Thread] DEBUG AssetLoader          - Loading from cache: /assets/textures/SpaceInvaders/enemyShip.png
18:58:20.100 [JavaFX Application Thread] DEBUG AssetLoader          - Loading from cache: /assets/textures/SpaceInvaders/player.png
18:58:20.117 [JavaFX Application Thread] DEBUG AssetLoader          - Loading from cache: /assets/textures/SpaceInvaders/player.png
18:58:20.134 [JavaFX Application Thread] DEBUG AssetLoader          - Loading from cache: /assets/textures/SpaceInvaders/player.png
18:58:20.151 [JavaFX Application Thread] DEBUG AssetLoader          - Loading from cache: /assets/textures/SpaceInvaders/player.png
18:58:20.167 [JavaFX Application Thread] DEBUG AssetLoader          - Loading from cache: /assets/textures/SpaceInvaders/player.png
18:58:20.184 [JavaFX Application Thread] DEBUG AssetLoader          - Loading from cache: /assets/textures/SpaceInvaders/player.png
18:58:20.201 [JavaFX Application Thread] DEBUG AssetLoader          - Loading from cache: /assets/textures/SpaceInvaders/player.png
18:58:20.217 [JavaFX Application Thread] DEBUG AssetLoader          - Loading from cache: /assets/textures/SpaceInvaders/player.png
18:58:20.234 [JavaFX Application Thread] DEBUG AssetLoader          - Loading from cache: /assets/textures/SpaceInvaders/player.png
18:58:20.241 [JavaFX Application Thread] DEBUG AssetLoader          - Loading from cache: /assets/textures/SpaceInvaders/player.png
18:58:20.334 [JavaFX Application Thread] DEBUG AssetLoader          - Loading from cache: /assets/textures/explosions/explosion-4.png
18:58:20.601 [JavaFX Application Thread] DEBUG AssetLoader          - Loading from cache: /assets/textures/SpaceInvaders/enemyShip.png
18:58:22.402 [JavaFX Application Thread] DEBUG AssetLoader          - Loading from cache: /assets/textures/SpaceInvaders/meteorSmall.png
18:58:22.403 [JavaFX Application Thread] DEBUG AssetLoader          - Loading from cache: /assets/textures/SpaceInvaders/meteorSmall.png
18:58:22.403 [JavaFX Application Thread] DEBUG AssetLoader          - Loading from cache: /assets/textures/SpaceInvaders/meteorBig.png
18:58:23.936 [JavaFX Application Thread] DEBUG AssetLoader          - Loading from cache: /assets/textures/explosions/explosion-6.png
18:58:24.220 [JavaFX Application Thread] DEBUG AssetLoader          - Loading from cache: /assets/textures/SpaceInvaders/enemyShip.png
18:58:24.234 [JavaFX Application Thread] DEBUG GameApplication      - Exiting game application
18:58:24.235 [JavaFX Application Thread] DEBUG GameApplication      - Shutting down background threads
18:58:24.236 [JavaFX Application Thread] DEBUG GameApplication      - Exiting FXGL
18:58:24.236 [JavaFX Application Thread] DEBUG FXGL                 - Saving FXGL system data
18:58:24.238 [JavaFX Application Thread] DEBUG IOTask               - Executing task: writeDataTask(system/fxgl.bundle)
18:58:24.239 [JavaFX Application Thread] DEBUG FS                   - Writing to: system/fxgl.bundle
18:58:24.243 [JavaFX Application Thread] DEBUG IOTask               - Task succeeded: writeDataTask(system/fxgl.bundle)
18:58:24.243 [JavaFX Application Thread] DEBUG GameApplication      - Closing logger and exiting JavaFX
